<?xml version="1.0" encoding="UTF-8"?>
<coverage generated="1771899110109" clover="3.2.0">
  <project timestamp="1771899110109" name="All files">
    <metrics statements="218" coveredstatements="73" conditionals="138" coveredconditionals="35" methods="58" coveredmethods="22" elements="414" coveredelements="130" complexity="0" loc="218" ncloc="218" packages="7" files="13" classes="13"/>
    <package name="src">
      <metrics statements="1" coveredstatements="1" conditionals="0" coveredconditionals="0" methods="1" coveredmethods="1"/>
      <file name="App.jsx" path="C:\Users\Andy\OneDrive\Documents\Workspace Automne 2026\Tricolo\Tricolo_frontend\src\App.jsx">
        <metrics statements="1" coveredstatements="1" conditionals="0" coveredconditionals="0" methods="1" coveredmethods="1"/>
        <line num="12" count="20" type="stmt"/>
      </file>
    </package>
    <package name="src.components.layout">
      <metrics statements="8" coveredstatements="4" conditionals="6" coveredconditionals="3" methods="2" coveredmethods="1"/>
      <file name="Header.jsx" path="C:\Users\Andy\OneDrive\Documents\Workspace Automne 2026\Tricolo\Tricolo_frontend\src\components\layout\Header.jsx">
        <metrics statements="4" coveredstatements="4" conditionals="4" coveredconditionals="3" methods="1" coveredmethods="1"/>
        <line num="5" count="8" type="stmt"/>
        <line num="6" count="8" type="stmt"/>
        <line num="7" count="8" type="cond" truecount="2" falsecount="0"/>
        <line num="9" count="8" type="stmt"/>
      </file>
      <file name="ProtectedRoute.jsx" path="C:\Users\Andy\OneDrive\Documents\Workspace Automne 2026\Tricolo\Tricolo_frontend\src\components\layout\ProtectedRoute.jsx">
        <metrics statements="4" coveredstatements="0" conditionals="2" coveredconditionals="0" methods="1" coveredmethods="0"/>
        <line num="5" count="0" type="stmt"/>
        <line num="7" count="0" type="cond" truecount="0" falsecount="2"/>
        <line num="8" count="0" type="stmt"/>
        <line num="11" count="0" type="stmt"/>
      </file>
    </package>
    <package name="src.context">
      <metrics statements="18" coveredstatements="18" conditionals="4" coveredconditionals="4" methods="5" coveredmethods="5"/>
      <file name="AuthContext.jsx" path="C:\Users\Andy\OneDrive\Documents\Workspace Automne 2026\Tricolo\Tricolo_frontend\src\context\AuthContext.jsx">
        <metrics statements="18" coveredstatements="18" conditionals="4" coveredconditionals="4" methods="5" coveredmethods="5"/>
        <line num="4" count="4" type="stmt"/>
        <line num="7" count="9" type="stmt"/>
        <line num="8" count="7" type="stmt"/>
        <line num="10" count="7" type="stmt"/>
        <line num="11" count="7" type="cond" truecount="4" falsecount="0"/>
        <line num="14" count="9" type="stmt"/>
        <line num="16" count="9" type="stmt"/>
        <line num="17" count="2" type="stmt"/>
        <line num="18" count="2" type="stmt"/>
        <line num="20" count="2" type="stmt"/>
        <line num="21" count="2" type="stmt"/>
        <line num="24" count="9" type="stmt"/>
        <line num="25" count="1" type="stmt"/>
        <line num="26" count="1" type="stmt"/>
        <line num="27" count="1" type="stmt"/>
        <line num="30" count="9" type="stmt"/>
        <line num="31" count="8" type="stmt"/>
        <line num="35" count="9" type="stmt"/>
      </file>
    </package>
    <package name="src.hooks">
      <metrics statements="9" coveredstatements="9" conditionals="6" coveredconditionals="5" methods="4" coveredmethods="4"/>
      <file name="useAuth.js" path="C:\Users\Andy\OneDrive\Documents\Workspace Automne 2026\Tricolo\Tricolo_frontend\src\hooks\useAuth.js">
        <metrics statements="4" coveredstatements="4" conditionals="2" coveredconditionals="2" methods="1" coveredmethods="1"/>
        <line num="5" count="8" type="stmt"/>
        <line num="6" count="8" type="cond" truecount="2" falsecount="0"/>
        <line num="7" count="2" type="stmt"/>
        <line num="9" count="6" type="stmt"/>
      </file>
      <file name="useAutoFetch.js" path="C:\Users\Andy\OneDrive\Documents\Workspace Automne 2026\Tricolo\Tricolo_frontend\src\hooks\useAutoFetch.js">
        <metrics statements="5" coveredstatements="5" conditionals="4" coveredconditionals="3" methods="3" coveredmethods="3"/>
        <line num="10" count="7" type="stmt"/>
        <line num="11" count="7" type="cond" truecount="2" falsecount="0"/>
        <line num="14" count="6" type="stmt"/>
        <line num="17" count="6" type="stmt"/>
        <line num="20" count="6" type="stmt"/>
      </file>
    </package>
    <package name="src.pages">
      <metrics statements="139" coveredstatements="0" conditionals="93" coveredconditionals="0" methods="35" coveredmethods="0"/>
      <file name="AdminPage.jsx" path="C:\Users\Andy\OneDrive\Documents\Workspace Automne 2026\Tricolo\Tricolo_frontend\src\pages\AdminPage.jsx">
        <metrics statements="23" coveredstatements="0" conditionals="10" coveredconditionals="0" methods="8" coveredmethods="0"/>
        <line num="5" count="0" type="stmt"/>
        <line num="12" count="0" type="stmt"/>
        <line num="13" count="0" type="stmt"/>
        <line num="14" count="0" type="stmt"/>
        <line num="15" count="0" type="stmt"/>
        <line num="16" count="0" type="stmt"/>
        <line num="18" count="0" type="stmt"/>
        <line num="19" count="0" type="stmt"/>
        <line num="20" count="0" type="stmt"/>
        <line num="23" count="0" type="stmt"/>
        <line num="24" count="0" type="stmt"/>
        <line num="25" count="0" type="stmt"/>
        <line num="26" count="0" type="stmt"/>
        <line num="28" count="0" type="stmt"/>
        <line num="29" count="0" type="stmt"/>
        <line num="31" count="0" type="cond" truecount="0" falsecount="2"/>
        <line num="33" count="0" type="stmt"/>
        <line num="37" count="0" type="stmt"/>
        <line num="77" count="0" type="stmt"/>
        <line num="99" count="0" type="stmt"/>
        <line num="108" count="0" type="stmt"/>
        <line num="137" count="0" type="stmt"/>
        <line num="139" count="0" type="cond" truecount="0" falsecount="2"/>
      </file>
      <file name="DashboardPage.jsx" path="C:\Users\Andy\OneDrive\Documents\Workspace Automne 2026\Tricolo\Tricolo_frontend\src\pages\DashboardPage.jsx">
        <metrics statements="93" coveredstatements="0" conditionals="73" coveredconditionals="0" methods="20" coveredmethods="0"/>
        <line num="5" count="0" type="stmt"/>
        <line num="12" count="0" type="stmt"/>
        <line num="15" count="0" type="stmt"/>
        <line num="19" count="0" type="cond" truecount="0" falsecount="2"/>
        <line num="20" count="0" type="cond" truecount="0" falsecount="2"/>
        <line num="21" count="0" type="stmt"/>
        <line num="22" count="0" type="cond" truecount="0" falsecount="2"/>
        <line num="25" count="0" type="stmt"/>
        <line num="26" count="0" type="cond" truecount="0" falsecount="2"/>
        <line num="27" count="0" type="stmt"/>
        <line num="28" count="0" type="cond" truecount="0" falsecount="2"/>
        <line num="29" count="0" type="cond" truecount="0" falsecount="5"/>
        <line num="30" count="0" type="stmt"/>
        <line num="38" count="0" type="cond" truecount="0" falsecount="2"/>
        <line num="41" count="0" type="stmt"/>
        <line num="42" count="0" type="cond" truecount="0" falsecount="2"/>
        <line num="46" count="0" type="stmt"/>
        <line num="47" count="0" type="stmt"/>
        <line num="48" count="0" type="stmt"/>
        <line num="49" count="0" type="stmt"/>
        <line num="50" count="0" type="stmt"/>
        <line num="53" count="0" type="stmt"/>
        <line num="54" count="0" type="stmt"/>
        <line num="55" count="0" type="stmt"/>
        <line num="56" count="0" type="stmt"/>
        <line num="57" count="0" type="stmt"/>
        <line num="58" count="0" type="stmt"/>
        <line num="59" count="0" type="stmt"/>
        <line num="60" count="0" type="stmt"/>
        <line num="62" count="0" type="stmt"/>
        <line num="63" count="0" type="stmt"/>
        <line num="65" count="0" type="stmt"/>
        <line num="70" count="0" type="stmt"/>
        <line num="72" count="0" type="stmt"/>
        <line num="75" count="0" type="stmt"/>
        <line num="78" count="0" type="stmt"/>
        <line num="81" count="0" type="stmt"/>
        <line num="82" count="0" type="cond" truecount="0" falsecount="2"/>
        <line num="83" count="0" type="cond" truecount="0" falsecount="2"/>
        <line num="85" count="0" type="stmt"/>
        <line num="86" count="0" type="stmt"/>
        <line num="92" count="0" type="stmt"/>
        <line num="93" count="0" type="stmt"/>
        <line num="94" count="0" type="cond" truecount="0" falsecount="2"/>
        <line num="95" count="0" type="stmt"/>
        <line num="96" count="0" type="stmt"/>
        <line num="99" count="0" type="stmt"/>
        <line num="100" count="0" type="stmt"/>
        <line num="101" count="0" type="stmt"/>
        <line num="102" count="0" type="stmt"/>
        <line num="103" count="0" type="cond" truecount="0" falsecount="2"/>
        <line num="104" count="0" type="cond" truecount="0" falsecount="2"/>
        <line num="110" count="0" type="stmt"/>
        <line num="119" count="0" type="stmt"/>
        <line num="120" count="0" type="stmt"/>
        <line num="122" count="0" type="stmt"/>
        <line num="123" count="0" type="stmt"/>
        <line num="124" count="0" type="cond" truecount="0" falsecount="2"/>
        <line num="125" count="0" type="stmt"/>
        <line num="126" count="0" type="stmt"/>
        <line num="127" count="0" type="stmt"/>
        <line num="130" count="0" type="stmt"/>
        <line num="135" count="0" type="stmt"/>
        <line num="136" count="0" type="stmt"/>
        <line num="137" count="0" type="cond" truecount="0" falsecount="2"/>
        <line num="138" count="0" type="stmt"/>
        <line num="141" count="0" type="stmt"/>
        <line num="142" count="0" type="cond" truecount="0" falsecount="2"/>
        <line num="146" count="0" type="stmt"/>
        <line num="147" count="0" type="cond" truecount="0" falsecount="2"/>
        <line num="151" count="0" type="stmt"/>
        <line num="152" count="0" type="stmt"/>
        <line num="153" count="0" type="stmt"/>
        <line num="154" count="0" type="cond" truecount="0" falsecount="2"/>
        <line num="157" count="0" type="stmt"/>
        <line num="159" count="0" type="stmt"/>
        <line num="160" count="0" type="stmt"/>
        <line num="161" count="0" type="cond" truecount="0" falsecount="2"/>
        <line num="162" count="0" type="cond" truecount="0" falsecount="2"/>
        <line num="164" count="0" type="stmt"/>
        <line num="173" count="0" type="stmt"/>
        <line num="184" count="0" type="cond" truecount="0" falsecount="2"/>
        <line num="189" count="0" type="cond" truecount="0" falsecount="2"/>
        <line num="190" count="0" type="cond" truecount="0" falsecount="2"/>
        <line num="191" count="0" type="cond" truecount="0" falsecount="2"/>
        <line num="192" count="0" type="cond" truecount="0" falsecount="2"/>
        <line num="193" count="0" type="cond" truecount="0" falsecount="2"/>
        <line num="194" count="0" type="cond" truecount="0" falsecount="2"/>
        <line num="196" count="0" type="stmt"/>
        <line num="239" count="0" type="stmt"/>
        <line num="277" count="0" type="stmt"/>
        <line num="298" count="0" type="stmt"/>
        <line num="315" count="0" type="stmt"/>
      </file>
      <file name="LoginPage.jsx" path="C:\Users\Andy\OneDrive\Documents\Workspace Automne 2026\Tricolo\Tricolo_frontend\src\pages\LoginPage.jsx">
        <metrics statements="22" coveredstatements="0" conditionals="10" coveredconditionals="0" methods="6" coveredmethods="0"/>
        <line num="7" count="0" type="stmt"/>
        <line num="8" count="0" type="stmt"/>
        <line num="9" count="0" type="stmt"/>
        <line num="10" count="0" type="stmt"/>
        <line num="11" count="0" type="stmt"/>
        <line num="12" count="0" type="stmt"/>
        <line num="14" count="0" type="stmt"/>
        <line num="15" count="0" type="stmt"/>
        <line num="16" count="0" type="stmt"/>
        <line num="19" count="0" type="stmt"/>
        <line num="20" count="0" type="stmt"/>
        <line num="21" count="0" type="stmt"/>
        <line num="22" count="0" type="stmt"/>
        <line num="24" count="0" type="stmt"/>
        <line num="25" count="0" type="stmt"/>
        <line num="26" count="0" type="stmt"/>
        <line num="28" count="0" type="cond" truecount="0" falsecount="2"/>
        <line num="30" count="0" type="stmt"/>
        <line num="34" count="0" type="stmt"/>
        <line num="35" count="0" type="stmt"/>
        <line num="38" count="0" type="stmt"/>
        <line num="79" count="0" type="stmt"/>
      </file>
      <file name="NotFoundPage.jsx" path="C:\Users\Andy\OneDrive\Documents\Workspace Automne 2026\Tricolo\Tricolo_frontend\src\pages\NotFoundPage.jsx">
        <metrics statements="1" coveredstatements="0" conditionals="0" coveredconditionals="0" methods="1" coveredmethods="0"/>
        <line num="2" count="0" type="stmt"/>
      </file>
    </package>
    <package name="src.services">
      <metrics statements="38" coveredstatements="37" conditionals="21" coveredconditionals="17" methods="11" coveredmethods="11"/>
      <file name="api.js" path="C:\Users\Andy\OneDrive\Documents\Workspace Automne 2026\Tricolo\Tricolo_frontend\src\services\api.js">
        <metrics statements="20" coveredstatements="19" conditionals="11" coveredconditionals="8" methods="6" coveredmethods="6"/>
        <line num="5" count="7" type="stmt"/>
        <line num="6" count="7" type="stmt"/>
        <line num="12" count="7" type="stmt"/>
        <line num="13" count="7" type="cond" truecount="1" falsecount="1"/>
        <line num="14" count="0" type="stmt"/>
        <line num="17" count="7" type="stmt"/>
        <line num="22" count="6" type="cond" truecount="2" falsecount="0"/>
        <line num="23" count="1" type="stmt"/>
        <line num="24" count="1" type="cond" truecount="1" falsecount="1"/>
        <line num="27" count="5" type="cond" truecount="2" falsecount="0"/>
        <line num="28" count="1" type="stmt"/>
        <line num="31" count="4" type="stmt"/>
        <line num="33" count="2" type="stmt"/>
        <line num="34" count="2" type="stmt"/>
        <line num="38" count="7" type="stmt"/>
        <line num="39" count="5" type="stmt"/>
        <line num="41" count="1" type="stmt"/>
        <line num="47" count="1" type="stmt"/>
        <line num="53" count="1" type="stmt"/>
        <line num="54" count="1" type="stmt"/>
      </file>
      <file name="authService.js" path="C:\Users\Andy\OneDrive\Documents\Workspace Automne 2026\Tricolo\Tricolo_frontend\src\services\authService.js">
        <metrics statements="18" coveredstatements="18" conditionals="10" coveredconditionals="9" methods="5" coveredmethods="5"/>
        <line num="3" count="8" type="stmt"/>
        <line num="6" count="20" type="stmt"/>
        <line num="10" count="15" type="stmt"/>
        <line num="14" count="7" type="stmt"/>
        <line num="18" count="11" type="stmt"/>
        <line num="21" count="11" type="cond" truecount="2" falsecount="0"/>
        <line num="23" count="11" type="cond" truecount="4" falsecount="0"/>
        <line num="24" count="3" type="stmt"/>
        <line num="27" count="8" type="stmt"/>
        <line num="28" count="8" type="stmt"/>
        <line num="33" count="8" type="cond" truecount="2" falsecount="0"/>
        <line num="34" count="1" type="stmt"/>
        <line num="37" count="7" type="stmt"/>
        <line num="40" count="7" type="stmt"/>
        <line num="50" count="1" type="cond" truecount="1" falsecount="1"/>
        <line num="55" count="5" type="stmt"/>
        <line num="56" count="5" type="stmt"/>
        <line num="57" count="5" type="stmt"/>
      </file>
    </package>
    <package name="src.utils">
      <metrics statements="5" coveredstatements="4" conditionals="8" coveredconditionals="6" methods="0" coveredmethods="0"/>
      <file name="constants.js" path="C:\Users\Andy\OneDrive\Documents\Workspace Automne 2026\Tricolo\Tricolo_frontend\src\utils\constants.js">
        <metrics statements="5" coveredstatements="4" conditionals="8" coveredconditionals="6" methods="0" coveredmethods="0"/>
        <line num="5" count="7" type="stmt"/>
        <line num="7" count="7" type="cond" truecount="3" falsecount="1"/>
        <line num="8" count="0" type="stmt"/>
        <line num="15" count="7" type="cond" truecount="1" falsecount="1"/>
        <line num="16" count="7" type="cond" truecount="2" falsecount="0"/>
      </file>
    </package>
  </project>
</coverage>
