{"C:\\Users\\Andy\\OneDrive\\Documents\\Workspace Automne 2026\\Tricolo\\Tricolo_frontend\\src\\App.jsx": {"path":"C:\\Users\\Andy\\OneDrive\\Documents\\Workspace Automne 2026\\Tricolo\\Tricolo_frontend\\src\\App.jsx","statementMap":{"0":{"start":{"line":11,"column":4},"end":{"line":21,"column":6}}},"fnMap":{"0":{"name":"App","decl":{"start":{"line":10,"column":9},"end":{"line":10,"column":12}},"loc":{"start":{"line":10,"column":15},"end":{"line":22,"column":1}},"line":10}},"branchMap":{},"s":{"0":20},"f":{"0":20},"b":{},"_coverageSchema":"1a1c01bbd47fc00a2c39e90264f33305004495a9","hash":"07810a20ed2df83b25816b75495da29472626131"}
,"C:\\Users\\Andy\\OneDrive\\Documents\\Workspace Automne 2026\\Tricolo\\Tricolo_frontend\\src\\components\\layout\\Header.jsx": {"path":"C:\\Users\\Andy\\OneDrive\\Documents\\Workspace Automne 2026\\Tricolo\\Tricolo_frontend\\src\\components\\layout\\Header.jsx","statementMap":{"0":{"start":{"line":5,"column":38},"end":{"line":5,"column":47}},"1":{"start":{"line":6,"column":19},"end":{"line":6,"column":32}},"2":{"start":{"line":7,"column":21},"end":{"line":7,"column":78}},"3":{"start":{"line":9,"column":2},"end":{"line":27,"column":4}}},"fnMap":{"0":{"name":"Header","decl":{"start":{"line":4,"column":24},"end":{"line":4,"column":30}},"loc":{"start":{"line":4,"column":33},"end":{"line":28,"column":1}},"line":4}},"branchMap":{"0":{"loc":{"start":{"line":7,"column":21},"end":{"line":7,"column":78}},"type":"binary-expr","locations":[{"start":{"line":7,"column":21},"end":{"line":7,"column":36}},{"start":{"line":7,"column":40},"end":{"line":7,"column":78}}],"line":7},"1":{"loc":{"start":{"line":20,"column":9},"end":{"line":24,"column":9}},"type":"binary-expr","locations":[{"start":{"line":20,"column":9},"end":{"line":20,"column":19}},{"start":{"line":21,"column":10},"end":{"line":23,"column":19}}],"line":20}},"s":{"0":8,"1":8,"2":8,"3":8},"f":{"0":8},"b":{"0":[8,2],"1":[8,0]},"_coverageSchema":"1a1c01bbd47fc00a2c39e90264f33305004495a9","hash":"33452b4e58610bf0bb360cf3504a0f2a04d865ee"}
,"C:\\Users\\Andy\\OneDrive\\Documents\\Workspace Automne 2026\\Tricolo\\Tricolo_frontend\\src\\components\\layout\\ProtectedRoute.jsx": {"path":"C:\\Users\\Andy\\OneDrive\\Documents\\Workspace Automne 2026\\Tricolo\\Tricolo_frontend\\src\\components\\layout\\ProtectedRoute.jsx","statementMap":{"0":{"start":{"line":5,"column":30},"end":{"line":5,"column":39}},"1":{"start":{"line":7,"column":2},"end":{"line":9,"column":3}},"2":{"start":{"line":8,"column":4},"end":{"line":8,"column":44}},"3":{"start":{"line":11,"column":2},"end":{"line":11,"column":18}}},"fnMap":{"0":{"name":"ProtectedRoute","decl":{"start":{"line":4,"column":24},"end":{"line":4,"column":38}},"loc":{"start":{"line":4,"column":53},"end":{"line":12,"column":1}},"line":4}},"branchMap":{"0":{"loc":{"start":{"line":7,"column":2},"end":{"line":9,"column":3}},"type":"if","locations":[{"start":{"line":7,"column":2},"end":{"line":9,"column":3}},{"start":{},"end":{}}],"line":7}},"s":{"0":0,"1":0,"2":0,"3":0},"f":{"0":0},"b":{"0":[0,0]}}
,"C:\\Users\\Andy\\OneDrive\\Documents\\Workspace Automne 2026\\Tricolo\\Tricolo_frontend\\src\\context\\AuthContext.jsx": {"path":"C:\\Users\\Andy\\OneDrive\\Documents\\Workspace Automne 2026\\Tricolo\\Tricolo_frontend\\src\\context\\AuthContext.jsx","statementMap":{"0":{"start":{"line":4,"column":27},"end":{"line":4,"column":46}},"1":{"start":{"line":7,"column":26},"end":{"line":10,"column":4}},"2":{"start":{"line":8,"column":18},"end":{"line":8,"column":28}},"3":{"start":{"line":9,"column":4},"end":{"line":9,"column":74}},"4":{"start":{"line":12,"column":26},"end":{"line":12,"column":39}},"5":{"start":{"line":14,"column":16},"end":{"line":18,"column":8}},"6":{"start":{"line":15,"column":19},"end":{"line":15,"column":50}},"7":{"start":{"line":16,"column":4},"end":{"line":16,"column":25}},"8":{"start":{"line":17,"column":4},"end":{"line":17,"column":18}},"9":{"start":{"line":20,"column":17},"end":{"line":23,"column":8}},"10":{"start":{"line":21,"column":4},"end":{"line":21,"column":26}},"11":{"start":{"line":22,"column":4},"end":{"line":22,"column":18}},"12":{"start":{"line":25,"column":16},"end":{"line":28,"column":3}},"13":{"start":{"line":26,"column":11},"end":{"line":26,"column":51}},"14":{"start":{"line":30,"column":2},"end":{"line":30,"column":79}}},"fnMap":{"0":{"name":"AuthProvider","decl":{"start":{"line":6,"column":16},"end":{"line":6,"column":28}},"loc":{"start":{"line":6,"column":43},"end":{"line":31,"column":1}},"line":6},"1":{"name":"(anonymous_1)","decl":{"start":{"line":7,"column":35},"end":{"line":7,"column":36}},"loc":{"start":{"line":7,"column":41},"end":{"line":10,"column":3}},"line":7},"2":{"name":"(anonymous_2)","decl":{"start":{"line":14,"column":28},"end":{"line":14,"column":29}},"loc":{"start":{"line":14,"column":51},"end":{"line":18,"column":3}},"line":14},"3":{"name":"(anonymous_3)","decl":{"start":{"line":20,"column":29},"end":{"line":20,"column":30}},"loc":{"start":{"line":20,"column":41},"end":{"line":23,"column":3}},"line":20},"4":{"name":"(anonymous_4)","decl":{"start":{"line":26,"column":4},"end":{"line":26,"column":5}},"loc":{"start":{"line":26,"column":11},"end":{"line":26,"column":51}},"line":26}},"branchMap":{"0":{"loc":{"start":{"line":9,"column":11},"end":{"line":9,"column":73}},"type":"cond-expr","locations":[{"start":{"line":9,"column":19},"end":{"line":9,"column":66}},{"start":{"line":9,"column":69},"end":{"line":9,"column":73}}],"line":9}},"s":{"0":4,"1":10,"2":7,"3":7,"4":10,"5":10,"6":2,"7":2,"8":2,"9":10,"10":1,"11":1,"12":10,"13":9,"14":10},"f":{"0":10,"1":7,"2":2,"3":1,"4":9},"b":{"0":[2,5]},"_coverageSchema":"1a1c01bbd47fc00a2c39e90264f33305004495a9","hash":"3883d7ea742c17e2b0bf91ec789a7deeb5f9c2c4"}
,"C:\\Users\\Andy\\OneDrive\\Documents\\Workspace Automne 2026\\Tricolo\\Tricolo_frontend\\src\\hooks\\useAuth.js": {"path":"C:\\Users\\Andy\\OneDrive\\Documents\\Workspace Automne 2026\\Tricolo\\Tricolo_frontend\\src\\hooks\\useAuth.js","statementMap":{"0":{"start":{"line":5,"column":18},"end":{"line":5,"column":41}},"1":{"start":{"line":6,"column":2},"end":{"line":8,"column":3}},"2":{"start":{"line":7,"column":4},"end":{"line":7,"column":67}},"3":{"start":{"line":9,"column":2},"end":{"line":9,"column":17}}},"fnMap":{"0":{"name":"useAuth","decl":{"start":{"line":4,"column":16},"end":{"line":4,"column":23}},"loc":{"start":{"line":4,"column":26},"end":{"line":10,"column":1}},"line":4}},"branchMap":{"0":{"loc":{"start":{"line":6,"column":2},"end":{"line":8,"column":3}},"type":"if","locations":[{"start":{"line":6,"column":2},"end":{"line":8,"column":3}},{"start":{},"end":{}}],"line":6}},"s":{"0":8,"1":8,"2":2,"3":6},"f":{"0":8},"b":{"0":[2,6]},"_coverageSchema":"1a1c01bbd47fc00a2c39e90264f33305004495a9","hash":"f9ceebe3a80493b36f8caa220cd1caeeba8df43e"}
,"C:\\Users\\Andy\\OneDrive\\Documents\\Workspace Automne 2026\\Tricolo\\Tricolo_frontend\\src\\pages\\AdminPage.jsx": {"path":"C:\\Users\\Andy\\OneDrive\\Documents\\Workspace Automne 2026\\Tricolo\\Tricolo_frontend\\src\\pages\\AdminPage.jsx","statementMap":{"0":{"start":{"line":5,"column":17},"end":{"line":9,"column":1}},"1":{"start":{"line":12,"column":20},"end":{"line":12,"column":29}},"2":{"start":{"line":13,"column":26},"end":{"line":13,"column":63}},"3":{"start":{"line":14,"column":42},"end":{"line":14,"column":57}},"4":{"start":{"line":15,"column":28},"end":{"line":15,"column":40}},"5":{"start":{"line":17,"column":23},"end":{"line":20,"column":3}},"6":{"start":{"line":18,"column":28},"end":{"line":18,"column":40}},"7":{"start":{"line":19,"column":4},"end":{"line":19,"column":52}},"8":{"start":{"line":19,"column":23},"end":{"line":19,"column":49}},"9":{"start":{"line":22,"column":23},"end":{"line":31,"column":3}},"10":{"start":{"line":23,"column":4},"end":{"line":23,"column":27}},"11":{"start":{"line":24,"column":4},"end":{"line":24,"column":17}},"12":{"start":{"line":26,"column":4},"end":{"line":30,"column":5}},"13":{"start":{"line":27,"column":6},"end":{"line":27,"column":24}},"14":{"start":{"line":29,"column":6},"end":{"line":29,"column":53}},"15":{"start":{"line":33,"column":2},"end":{"line":86,"column":4}},"16":{"start":{"line":71,"column":31},"end":{"line":71,"column":61}},"17":{"start":{"line":90,"column":2},"end":{"line":124,"column":4}},"18":{"start":{"line":99,"column":10},"end":{"line":120,"column":20}},"19":{"start":{"line":128,"column":30},"end":{"line":128,"column":39}},"20":{"start":{"line":130,"column":2},"end":{"line":130,"column":66}}},"fnMap":{"0":{"name":"AdminLoginForm","decl":{"start":{"line":11,"column":9},"end":{"line":11,"column":23}},"loc":{"start":{"line":11,"column":26},"end":{"line":87,"column":1}},"line":11},"1":{"name":"(anonymous_1)","decl":{"start":{"line":17,"column":23},"end":{"line":17,"column":24}},"loc":{"start":{"line":17,"column":34},"end":{"line":20,"column":3}},"line":17},"2":{"name":"(anonymous_2)","decl":{"start":{"line":19,"column":12},"end":{"line":19,"column":13}},"loc":{"start":{"line":19,"column":23},"end":{"line":19,"column":49}},"line":19},"3":{"name":"(anonymous_3)","decl":{"start":{"line":22,"column":23},"end":{"line":22,"column":24}},"loc":{"start":{"line":22,"column":40},"end":{"line":31,"column":3}},"line":22},"4":{"name":"(anonymous_4)","decl":{"start":{"line":71,"column":25},"end":{"line":71,"column":26}},"loc":{"start":{"line":71,"column":31},"end":{"line":71,"column":61}},"line":71},"5":{"name":"AdminBinsList","decl":{"start":{"line":89,"column":9},"end":{"line":89,"column":22}},"loc":{"start":{"line":89,"column":25},"end":{"line":125,"column":1}},"line":89},"6":{"name":"(anonymous_6)","decl":{"start":{"line":98,"column":22},"end":{"line":98,"column":23}},"loc":{"start":{"line":99,"column":10},"end":{"line":120,"column":20}},"line":99},"7":{"name":"AdminPage","decl":{"start":{"line":127,"column":24},"end":{"line":127,"column":33}},"loc":{"start":{"line":127,"column":36},"end":{"line":131,"column":1}},"line":127}},"branchMap":{"0":{"loc":{"start":{"line":29,"column":15},"end":{"line":29,"column":51}},"type":"binary-expr","locations":[{"start":{"line":29,"column":15},"end":{"line":29,"column":26}},{"start":{"line":29,"column":30},"end":{"line":29,"column":51}}],"line":29},"1":{"loc":{"start":{"line":60,"column":22},"end":{"line":60,"column":56}},"type":"cond-expr","locations":[{"start":{"line":60,"column":37},"end":{"line":60,"column":43}},{"start":{"line":60,"column":46},"end":{"line":60,"column":56}}],"line":60},"2":{"loc":{"start":{"line":78,"column":11},"end":{"line":78,"column":69}},"type":"binary-expr","locations":[{"start":{"line":78,"column":11},"end":{"line":78,"column":16}},{"start":{"line":78,"column":20},"end":{"line":78,"column":69}}],"line":78},"3":{"loc":{"start":{"line":130,"column":9},"end":{"line":130,"column":65}},"type":"cond-expr","locations":[{"start":{"line":130,"column":27},"end":{"line":130,"column":44}},{"start":{"line":130,"column":47},"end":{"line":130,"column":65}}],"line":130}},"s":{"0":0,"1":0,"2":0,"3":0,"4":0,"5":0,"6":0,"7":0,"8":0,"9":0,"10":0,"11":0,"12":0,"13":0,"14":0,"15":0,"16":0,"17":0,"18":0,"19":0,"20":0},"f":{"0":0,"1":0,"2":0,"3":0,"4":0,"5":0,"6":0,"7":0},"b":{"0":[0,0],"1":[0,0],"2":[0,0],"3":[0,0]}}
,"C:\\Users\\Andy\\OneDrive\\Documents\\Workspace Automne 2026\\Tricolo\\Tricolo_frontend\\src\\pages\\DashboardPage.jsx": {"path":"C:\\Users\\Andy\\OneDrive\\Documents\\Workspace Automne 2026\\Tricolo\\Tricolo_frontend\\src\\pages\\DashboardPage.jsx","statementMap":{"0":{"start":{"line":5,"column":22},"end":{"line":10,"column":1}},"1":{"start":{"line":12,"column":18},"end":{"line":12,"column":67}},"2":{"start":{"line":15,"column":2},"end":{"line":15,"column":48}},"3":{"start":{"line":19,"column":2},"end":{"line":19,"column":26}},"4":{"start":{"line":19,"column":14},"end":{"line":19,"column":26}},"5":{"start":{"line":20,"column":2},"end":{"line":23,"column":3}},"6":{"start":{"line":21,"column":17},"end":{"line":21,"column":32}},"7":{"start":{"line":22,"column":4},"end":{"line":22,"column":54}},"8":{"start":{"line":25,"column":31},"end":{"line":25,"column":47}},"9":{"start":{"line":26,"column":2},"end":{"line":39,"column":3}},"10":{"start":{"line":27,"column":31},"end":{"line":27,"column":50}},"11":{"start":{"line":28,"column":4},"end":{"line":28,"column":27}},"12":{"start":{"line":28,"column":15},"end":{"line":28,"column":27}},"13":{"start":{"line":29,"column":53},"end":{"line":29,"column":80}},"14":{"start":{"line":30,"column":17},"end":{"line":37,"column":5}},"15":{"start":{"line":38,"column":4},"end":{"line":38,"column":54}},"16":{"start":{"line":41,"column":19},"end":{"line":41,"column":34}},"17":{"start":{"line":42,"column":2},"end":{"line":42,"column":60}},"18":{"start":{"line":46,"column":32},"end":{"line":46,"column":46}},"19":{"start":{"line":47,"column":28},"end":{"line":47,"column":42}},"20":{"start":{"line":48,"column":32},"end":{"line":48,"column":46}},"21":{"start":{"line":49,"column":28},"end":{"line":49,"column":42}},"22":{"start":{"line":51,"column":2},"end":{"line":68,"column":9}},"23":{"start":{"line":52,"column":22},"end":{"line":65,"column":5}},"24":{"start":{"line":53,"column":6},"end":{"line":64,"column":7}},"25":{"start":{"line":54,"column":8},"end":{"line":54,"column":25}},"26":{"start":{"line":55,"column":27},"end":{"line":55,"column":52}},"27":{"start":{"line":56,"column":26},"end":{"line":56,"column":49}},"28":{"start":{"line":57,"column":8},"end":{"line":57,"column":31}},"29":{"start":{"line":58,"column":8},"end":{"line":58,"column":28}},"30":{"start":{"line":60,"column":8},"end":{"line":60,"column":30}},"31":{"start":{"line":61,"column":8},"end":{"line":61,"column":62}},"32":{"start":{"line":63,"column":8},"end":{"line":63,"column":26}},"33":{"start":{"line":67,"column":4},"end":{"line":67,"column":16}},"34":{"start":{"line":70,"column":24},"end":{"line":171,"column":22}},"35":{"start":{"line":71,"column":24},"end":{"line":71,"column":61}},"36":{"start":{"line":72,"column":22},"end":{"line":72,"column":55}},"37":{"start":{"line":74,"column":23},"end":{"line":74,"column":41}},"38":{"start":{"line":75,"column":28},"end":{"line":79,"column":5}},"39":{"start":{"line":81,"column":28},"end":{"line":86,"column":10}},"40":{"start":{"line":82,"column":18},"end":{"line":82,"column":60}},"41":{"start":{"line":83,"column":6},"end":{"line":83,"column":27}},"42":{"start":{"line":83,"column":16},"end":{"line":83,"column":27}},"43":{"start":{"line":84,"column":6},"end":{"line":84,"column":22}},"44":{"start":{"line":85,"column":6},"end":{"line":85,"column":17}},"45":{"start":{"line":88,"column":26},"end":{"line":88,"column":71}},"46":{"start":{"line":89,"column":31},"end":{"line":106,"column":6}},"47":{"start":{"line":90,"column":19},"end":{"line":90,"column":37}},"48":{"start":{"line":91,"column":19},"end":{"line":91,"column":39}},"49":{"start":{"line":92,"column":20},"end":{"line":92,"column":42}},"50":{"start":{"line":93,"column":20},"end":{"line":97,"column":13}},"51":{"start":{"line":99,"column":6},"end":{"line":105,"column":8}},"52":{"start":{"line":108,"column":26},"end":{"line":108,"column":42}},"53":{"start":{"line":109,"column":25},"end":{"line":109,"column":42}},"54":{"start":{"line":111,"column":4},"end":{"line":117,"column":7}},"55":{"start":{"line":112,"column":19},"end":{"line":112,"column":46}},"56":{"start":{"line":113,"column":6},"end":{"line":113,"column":24}},"57":{"start":{"line":113,"column":17},"end":{"line":113,"column":24}},"58":{"start":{"line":114,"column":23},"end":{"line":114,"column":46}},"59":{"start":{"line":115,"column":6},"end":{"line":115,"column":35}},"60":{"start":{"line":116,"column":6},"end":{"line":116,"column":41}},"61":{"start":{"line":119,"column":32},"end":{"line":122,"column":7}},"62":{"start":{"line":119,"column":63},"end":{"line":122,"column":5}},"63":{"start":{"line":124,"column":31},"end":{"line":128,"column":6}},"64":{"start":{"line":125,"column":19},"end":{"line":125,"column":28}},"65":{"start":{"line":126,"column":20},"end":{"line":126,"column":70}},"66":{"start":{"line":127,"column":6},"end":{"line":127,"column":41}},"67":{"start":{"line":130,"column":28},"end":{"line":133,"column":5}},"68":{"start":{"line":131,"column":26},"end":{"line":131,"column":69}},"69":{"start":{"line":135,"column":29},"end":{"line":138,"column":5}},"70":{"start":{"line":136,"column":26},"end":{"line":136,"column":69}},"71":{"start":{"line":140,"column":23},"end":{"line":140,"column":56}},"72":{"start":{"line":141,"column":24},"end":{"line":144,"column":9}},"73":{"start":{"line":142,"column":19},"end":{"line":142,"column":39}},"74":{"start":{"line":143,"column":6},"end":{"line":143,"column":44}},"75":{"start":{"line":146,"column":29},"end":{"line":160,"column":22}},"76":{"start":{"line":148,"column":21},"end":{"line":148,"column":39}},"77":{"start":{"line":149,"column":21},"end":{"line":149,"column":41}},"78":{"start":{"line":150,"column":22},"end":{"line":150,"column":44}},"79":{"start":{"line":151,"column":22},"end":{"line":151,"column":71}},"80":{"start":{"line":153,"column":8},"end":{"line":158,"column":10}},"81":{"start":{"line":162,"column":4},"end":{"line":170,"column":6}},"82":{"start":{"line":173,"column":21},"end":{"line":177,"column":3}},"83":{"start":{"line":178,"column":24},"end":{"line":178,"column":58}},"84":{"start":{"line":179,"column":25},"end":{"line":179,"column":60}},"85":{"start":{"line":180,"column":24},"end":{"line":180,"column":58}},"86":{"start":{"line":181,"column":22},"end":{"line":181,"column":54}},"87":{"start":{"line":182,"column":21},"end":{"line":182,"column":53}},"88":{"start":{"line":183,"column":22},"end":{"line":183,"column":55}},"89":{"start":{"line":185,"column":2},"end":{"line":291,"column":4}},"90":{"start":{"line":205,"column":10},"end":{"line":215,"column":20}},"91":{"start":{"line":243,"column":14},"end":{"line":251,"column":20}},"92":{"start":{"line":264,"column":14},"end":{"line":272,"column":20}},"93":{"start":{"line":281,"column":10},"end":{"line":287,"column":20}}},"fnMap":{"0":{"name":"normalizeCategory","decl":{"start":{"line":14,"column":9},"end":{"line":14,"column":26}},"loc":{"start":{"line":14,"column":34},"end":{"line":16,"column":1}},"line":14},"1":{"name":"parseDechetDate","decl":{"start":{"line":18,"column":9},"end":{"line":18,"column":24}},"loc":{"start":{"line":18,"column":32},"end":{"line":43,"column":1}},"line":18},"2":{"name":"DashboardPage","decl":{"start":{"line":45,"column":24},"end":{"line":45,"column":37}},"loc":{"start":{"line":45,"column":40},"end":{"line":292,"column":1}},"line":45},"3":{"name":"(anonymous_3)","decl":{"start":{"line":51,"column":12},"end":{"line":51,"column":13}},"loc":{"start":{"line":51,"column":18},"end":{"line":68,"column":3}},"line":51},"4":{"name":"(anonymous_4)","decl":{"start":{"line":52,"column":22},"end":{"line":52,"column":23}},"loc":{"start":{"line":52,"column":34},"end":{"line":65,"column":5}},"line":52},"5":{"name":"(anonymous_5)","decl":{"start":{"line":70,"column":32},"end":{"line":70,"column":33}},"loc":{"start":{"line":70,"column":38},"end":{"line":171,"column":3}},"line":70},"6":{"name":"(anonymous_6)","decl":{"start":{"line":81,"column":45},"end":{"line":81,"column":46}},"loc":{"start":{"line":81,"column":60},"end":{"line":86,"column":5}},"line":81},"7":{"name":"(anonymous_7)","decl":{"start":{"line":89,"column":49},"end":{"line":89,"column":50}},"loc":{"start":{"line":89,"column":58},"end":{"line":106,"column":5}},"line":89},"8":{"name":"(anonymous_8)","decl":{"start":{"line":111,"column":24},"end":{"line":111,"column":25}},"loc":{"start":{"line":111,"column":34},"end":{"line":117,"column":5}},"line":111},"9":{"name":"(anonymous_9)","decl":{"start":{"line":119,"column":46},"end":{"line":119,"column":47}},"loc":{"start":{"line":119,"column":63},"end":{"line":122,"column":5}},"line":119},"10":{"name":"(anonymous_10)","decl":{"start":{"line":124,"column":58},"end":{"line":124,"column":59}},"loc":{"start":{"line":124,"column":72},"end":{"line":128,"column":5}},"line":124},"11":{"name":"(anonymous_11)","decl":{"start":{"line":131,"column":6},"end":{"line":131,"column":7}},"loc":{"start":{"line":131,"column":26},"end":{"line":131,"column":69}},"line":131},"12":{"name":"(anonymous_12)","decl":{"start":{"line":136,"column":6},"end":{"line":136,"column":7}},"loc":{"start":{"line":136,"column":26},"end":{"line":136,"column":69}},"line":136},"13":{"name":"(anonymous_13)","decl":{"start":{"line":141,"column":42},"end":{"line":141,"column":43}},"loc":{"start":{"line":141,"column":56},"end":{"line":144,"column":5}},"line":141},"14":{"name":"(anonymous_14)","decl":{"start":{"line":147,"column":11},"end":{"line":147,"column":12}},"loc":{"start":{"line":147,"column":20},"end":{"line":159,"column":7}},"line":147},"15":{"name":"(anonymous_15)","decl":{"start":{"line":204,"column":27},"end":{"line":204,"column":28}},"loc":{"start":{"line":205,"column":10},"end":{"line":215,"column":20}},"line":205},"16":{"name":"(anonymous_16)","decl":{"start":{"line":242,"column":32},"end":{"line":242,"column":33}},"loc":{"start":{"line":243,"column":14},"end":{"line":251,"column":20}},"line":243},"17":{"name":"(anonymous_17)","decl":{"start":{"line":263,"column":31},"end":{"line":263,"column":32}},"loc":{"start":{"line":264,"column":14},"end":{"line":272,"column":20}},"line":264},"18":{"name":"(anonymous_18)","decl":{"start":{"line":280,"column":25},"end":{"line":280,"column":26}},"loc":{"start":{"line":281,"column":10},"end":{"line":287,"column":20}},"line":281}},"branchMap":{"0":{"loc":{"start":{"line":19,"column":2},"end":{"line":19,"column":26}},"type":"if","locations":[{"start":{"line":19,"column":2},"end":{"line":19,"column":26}},{"start":{},"end":{}}],"line":19},"1":{"loc":{"start":{"line":20,"column":2},"end":{"line":23,"column":3}},"type":"if","locations":[{"start":{"line":20,"column":2},"end":{"line":23,"column":3}},{"start":{},"end":{}}],"line":20},"2":{"loc":{"start":{"line":22,"column":11},"end":{"line":22,"column":53}},"type":"cond-expr","locations":[{"start":{"line":22,"column":42},"end":{"line":22,"column":46}},{"start":{"line":22,"column":49},"end":{"line":22,"column":53}}],"line":22},"3":{"loc":{"start":{"line":26,"column":2},"end":{"line":39,"column":3}},"type":"if","locations":[{"start":{"line":26,"column":2},"end":{"line":39,"column":3}},{"start":{},"end":{}}],"line":26},"4":{"loc":{"start":{"line":28,"column":4},"end":{"line":28,"column":27}},"type":"if","locations":[{"start":{"line":28,"column":4},"end":{"line":28,"column":27}},{"start":{},"end":{}}],"line":28},"5":{"loc":{"start":{"line":29,"column":11},"end":{"line":29,"column":21}},"type":"default-arg","locations":[{"start":{"line":29,"column":18},"end":{"line":29,"column":21}}],"line":29},"6":{"loc":{"start":{"line":29,"column":23},"end":{"line":29,"column":35}},"type":"default-arg","locations":[{"start":{"line":29,"column":32},"end":{"line":29,"column":35}}],"line":29},"7":{"loc":{"start":{"line":29,"column":37},"end":{"line":29,"column":49}},"type":"default-arg","locations":[{"start":{"line":29,"column":46},"end":{"line":29,"column":49}}],"line":29},"8":{"loc":{"start":{"line":29,"column":54},"end":{"line":29,"column":68}},"type":"binary-expr","locations":[{"start":{"line":29,"column":54},"end":{"line":29,"column":62}},{"start":{"line":29,"column":66},"end":{"line":29,"column":68}}],"line":29},"9":{"loc":{"start":{"line":38,"column":11},"end":{"line":38,"column":53}},"type":"cond-expr","locations":[{"start":{"line":38,"column":42},"end":{"line":38,"column":46}},{"start":{"line":38,"column":49},"end":{"line":38,"column":53}}],"line":38},"10":{"loc":{"start":{"line":42,"column":9},"end":{"line":42,"column":59}},"type":"cond-expr","locations":[{"start":{"line":42,"column":44},"end":{"line":42,"column":48}},{"start":{"line":42,"column":51},"end":{"line":42,"column":59}}],"line":42},"11":{"loc":{"start":{"line":71,"column":24},"end":{"line":71,"column":61}},"type":"cond-expr","locations":[{"start":{"line":71,"column":49},"end":{"line":71,"column":56}},{"start":{"line":71,"column":59},"end":{"line":71,"column":61}}],"line":71},"12":{"loc":{"start":{"line":72,"column":22},"end":{"line":72,"column":55}},"type":"cond-expr","locations":[{"start":{"line":72,"column":45},"end":{"line":72,"column":50}},{"start":{"line":72,"column":53},"end":{"line":72,"column":55}}],"line":72},"13":{"loc":{"start":{"line":83,"column":6},"end":{"line":83,"column":27}},"type":"if","locations":[{"start":{"line":83,"column":6},"end":{"line":83,"column":27}},{"start":{},"end":{}}],"line":83},"14":{"loc":{"start":{"line":92,"column":20},"end":{"line":92,"column":42}},"type":"binary-expr","locations":[{"start":{"line":92,"column":20},"end":{"line":92,"column":37}},{"start":{"line":92,"column":41},"end":{"line":92,"column":42}}],"line":92},"15":{"loc":{"start":{"line":93,"column":20},"end":{"line":97,"column":13}},"type":"cond-expr","locations":[{"start":{"line":94,"column":10},"end":{"line":94,"column":20}},{"start":{"line":95,"column":10},"end":{"line":97,"column":13}}],"line":93},"16":{"loc":{"start":{"line":95,"column":10},"end":{"line":97,"column":13}},"type":"cond-expr","locations":[{"start":{"line":96,"column":12},"end":{"line":96,"column":38}},{"start":{"line":97,"column":12},"end":{"line":97,"column":13}}],"line":95},"17":{"loc":{"start":{"line":113,"column":6},"end":{"line":113,"column":24}},"type":"if","locations":[{"start":{"line":113,"column":6},"end":{"line":113,"column":24}},{"start":{},"end":{}}],"line":113},"18":{"loc":{"start":{"line":126,"column":42},"end":{"line":126,"column":69}},"type":"binary-expr","locations":[{"start":{"line":126,"column":42},"end":{"line":126,"column":64}},{"start":{"line":126,"column":68},"end":{"line":126,"column":69}}],"line":126},"19":{"loc":{"start":{"line":131,"column":26},"end":{"line":131,"column":69}},"type":"cond-expr","locations":[{"start":{"line":131,"column":55},"end":{"line":131,"column":62}},{"start":{"line":131,"column":65},"end":{"line":131,"column":69}}],"line":131},"20":{"loc":{"start":{"line":132,"column":6},"end":{"line":132,"column":54}},"type":"binary-expr","locations":[{"start":{"line":132,"column":6},"end":{"line":132,"column":28}},{"start":{"line":132,"column":32},"end":{"line":132,"column":54}}],"line":132},"21":{"loc":{"start":{"line":136,"column":26},"end":{"line":136,"column":69}},"type":"cond-expr","locations":[{"start":{"line":136,"column":55},"end":{"line":136,"column":62}},{"start":{"line":136,"column":65},"end":{"line":136,"column":69}}],"line":136},"22":{"loc":{"start":{"line":137,"column":6},"end":{"line":137,"column":54}},"type":"binary-expr","locations":[{"start":{"line":137,"column":6},"end":{"line":137,"column":27}},{"start":{"line":137,"column":31},"end":{"line":137,"column":54}}],"line":137},"23":{"loc":{"start":{"line":143,"column":20},"end":{"line":143,"column":42}},"type":"binary-expr","locations":[{"start":{"line":143,"column":20},"end":{"line":143,"column":37}},{"start":{"line":143,"column":41},"end":{"line":143,"column":42}}],"line":143},"24":{"loc":{"start":{"line":150,"column":22},"end":{"line":150,"column":44}},"type":"binary-expr","locations":[{"start":{"line":150,"column":22},"end":{"line":150,"column":39}},{"start":{"line":150,"column":43},"end":{"line":150,"column":44}}],"line":150},"25":{"loc":{"start":{"line":151,"column":22},"end":{"line":151,"column":71}},"type":"cond-expr","locations":[{"start":{"line":151,"column":40},"end":{"line":151,"column":67}},{"start":{"line":151,"column":70},"end":{"line":151,"column":71}}],"line":151},"26":{"loc":{"start":{"line":173,"column":21},"end":{"line":177,"column":3}},"type":"binary-expr","locations":[{"start":{"line":173,"column":21},"end":{"line":173,"column":46}},{"start":{"line":173,"column":50},"end":{"line":177,"column":3}}],"line":173},"27":{"loc":{"start":{"line":178,"column":24},"end":{"line":178,"column":58}},"type":"binary-expr","locations":[{"start":{"line":178,"column":24},"end":{"line":178,"column":52}},{"start":{"line":178,"column":56},"end":{"line":178,"column":58}}],"line":178},"28":{"loc":{"start":{"line":179,"column":25},"end":{"line":179,"column":60}},"type":"binary-expr","locations":[{"start":{"line":179,"column":25},"end":{"line":179,"column":54}},{"start":{"line":179,"column":58},"end":{"line":179,"column":60}}],"line":179},"29":{"loc":{"start":{"line":180,"column":24},"end":{"line":180,"column":58}},"type":"binary-expr","locations":[{"start":{"line":180,"column":24},"end":{"line":180,"column":52}},{"start":{"line":180,"column":56},"end":{"line":180,"column":58}}],"line":180},"30":{"loc":{"start":{"line":181,"column":22},"end":{"line":181,"column":54}},"type":"binary-expr","locations":[{"start":{"line":181,"column":22},"end":{"line":181,"column":48}},{"start":{"line":181,"column":52},"end":{"line":181,"column":54}}],"line":181},"31":{"loc":{"start":{"line":182,"column":21},"end":{"line":182,"column":53}},"type":"binary-expr","locations":[{"start":{"line":182,"column":21},"end":{"line":182,"column":46}},{"start":{"line":182,"column":50},"end":{"line":182,"column":53}}],"line":182},"32":{"loc":{"start":{"line":183,"column":22},"end":{"line":183,"column":55}},"type":"binary-expr","locations":[{"start":{"line":183,"column":22},"end":{"line":183,"column":48}},{"start":{"line":183,"column":52},"end":{"line":183,"column":55}}],"line":183},"33":{"loc":{"start":{"line":190,"column":9},"end":{"line":190,"column":52}},"type":"binary-expr","locations":[{"start":{"line":190,"column":9},"end":{"line":190,"column":16}},{"start":{"line":190,"column":20},"end":{"line":190,"column":52}}],"line":190},"34":{"loc":{"start":{"line":191,"column":9},"end":{"line":191,"column":65}},"type":"binary-expr","locations":[{"start":{"line":191,"column":9},"end":{"line":191,"column":14}},{"start":{"line":191,"column":18},"end":{"line":191,"column":65}}],"line":191}},"s":{"0":0,"1":0,"2":0,"3":0,"4":0,"5":0,"6":0,"7":0,"8":0,"9":0,"10":0,"11":0,"12":0,"13":0,"14":0,"15":0,"16":0,"17":0,"18":0,"19":0,"20":0,"21":0,"22":0,"23":0,"24":0,"25":0,"26":0,"27":0,"28":0,"29":0,"30":0,"31":0,"32":0,"33":0,"34":0,"35":0,"36":0,"37":0,"38":0,"39":0,"40":0,"41":0,"42":0,"43":0,"44":0,"45":0,"46":0,"47":0,"48":0,"49":0,"50":0,"51":0,"52":0,"53":0,"54":0,"55":0,"56":0,"57":0,"58":0,"59":0,"60":0,"61":0,"62":0,"63":0,"64":0,"65":0,"66":0,"67":0,"68":0,"69":0,"70":0,"71":0,"72":0,"73":0,"74":0,"75":0,"76":0,"77":0,"78":0,"79":0,"80":0,"81":0,"82":0,"83":0,"84":0,"85":0,"86":0,"87":0,"88":0,"89":0,"90":0,"91":0,"92":0,"93":0},"f":{"0":0,"1":0,"2":0,"3":0,"4":0,"5":0,"6":0,"7":0,"8":0,"9":0,"10":0,"11":0,"12":0,"13":0,"14":0,"15":0,"16":0,"17":0,"18":0},"b":{"0":[0,0],"1":[0,0],"2":[0,0],"3":[0,0],"4":[0,0],"5":[0],"6":[0],"7":[0],"8":[0,0],"9":[0,0],"10":[0,0],"11":[0,0],"12":[0,0],"13":[0,0],"14":[0,0],"15":[0,0],"16":[0,0],"17":[0,0],"18":[0,0],"19":[0,0],"20":[0,0],"21":[0,0],"22":[0,0],"23":[0,0],"24":[0,0],"25":[0,0],"26":[0,0],"27":[0,0],"28":[0,0],"29":[0,0],"30":[0,0],"31":[0,0],"32":[0,0],"33":[0,0],"34":[0,0]}}
,"C:\\Users\\Andy\\OneDrive\\Documents\\Workspace Automne 2026\\Tricolo\\Tricolo_frontend\\src\\pages\\LoginPage.jsx": {"path":"C:\\Users\\Andy\\OneDrive\\Documents\\Workspace Automne 2026\\Tricolo\\Tricolo_frontend\\src\\pages\\LoginPage.jsx","statementMap":{"0":{"start":{"line":7,"column":20},"end":{"line":7,"column":29}},"1":{"start":{"line":8,"column":19},"end":{"line":8,"column":32}},"2":{"start":{"line":9,"column":26},"end":{"line":9,"column":63}},"3":{"start":{"line":10,"column":42},"end":{"line":10,"column":57}},"4":{"start":{"line":11,"column":28},"end":{"line":11,"column":40}},"5":{"start":{"line":13,"column":23},"end":{"line":16,"column":3}},"6":{"start":{"line":14,"column":28},"end":{"line":14,"column":40}},"7":{"start":{"line":15,"column":4},"end":{"line":15,"column":52}},"8":{"start":{"line":15,"column":23},"end":{"line":15,"column":49}},"9":{"start":{"line":18,"column":23},"end":{"line":28,"column":3}},"10":{"start":{"line":19,"column":4},"end":{"line":19,"column":27}},"11":{"start":{"line":20,"column":4},"end":{"line":20,"column":17}},"12":{"start":{"line":22,"column":4},"end":{"line":27,"column":5}},"13":{"start":{"line":23,"column":6},"end":{"line":23,"column":24}},"14":{"start":{"line":24,"column":6},"end":{"line":24,"column":25}},"15":{"start":{"line":26,"column":6},"end":{"line":26,"column":53}},"16":{"start":{"line":30,"column":23},"end":{"line":32,"column":3}},"17":{"start":{"line":31,"column":4},"end":{"line":31,"column":18}},"18":{"start":{"line":34,"column":2},"end":{"line":95,"column":4}},"19":{"start":{"line":73,"column":33},"end":{"line":73,"column":63}}},"fnMap":{"0":{"name":"LoginPage","decl":{"start":{"line":6,"column":24},"end":{"line":6,"column":33}},"loc":{"start":{"line":6,"column":36},"end":{"line":96,"column":1}},"line":6},"1":{"name":"(anonymous_1)","decl":{"start":{"line":13,"column":23},"end":{"line":13,"column":24}},"loc":{"start":{"line":13,"column":34},"end":{"line":16,"column":3}},"line":13},"2":{"name":"(anonymous_2)","decl":{"start":{"line":15,"column":12},"end":{"line":15,"column":13}},"loc":{"start":{"line":15,"column":23},"end":{"line":15,"column":49}},"line":15},"3":{"name":"(anonymous_3)","decl":{"start":{"line":18,"column":23},"end":{"line":18,"column":24}},"loc":{"start":{"line":18,"column":40},"end":{"line":28,"column":3}},"line":18},"4":{"name":"(anonymous_4)","decl":{"start":{"line":30,"column":23},"end":{"line":30,"column":24}},"loc":{"start":{"line":30,"column":29},"end":{"line":32,"column":3}},"line":30},"5":{"name":"(anonymous_5)","decl":{"start":{"line":73,"column":27},"end":{"line":73,"column":28}},"loc":{"start":{"line":73,"column":33},"end":{"line":73,"column":63}},"line":73}},"branchMap":{"0":{"loc":{"start":{"line":26,"column":15},"end":{"line":26,"column":51}},"type":"binary-expr","locations":[{"start":{"line":26,"column":15},"end":{"line":26,"column":26}},{"start":{"line":26,"column":30},"end":{"line":26,"column":51}}],"line":26},"1":{"loc":{"start":{"line":62,"column":24},"end":{"line":62,"column":58}},"type":"cond-expr","locations":[{"start":{"line":62,"column":39},"end":{"line":62,"column":45}},{"start":{"line":62,"column":48},"end":{"line":62,"column":58}}],"line":62},"2":{"loc":{"start":{"line":74,"column":30},"end":{"line":74,"column":67}},"type":"cond-expr","locations":[{"start":{"line":74,"column":45},"end":{"line":74,"column":54}},{"start":{"line":74,"column":57},"end":{"line":74,"column":67}}],"line":74},"3":{"loc":{"start":{"line":81,"column":13},"end":{"line":81,"column":70}},"type":"binary-expr","locations":[{"start":{"line":81,"column":13},"end":{"line":81,"column":18}},{"start":{"line":81,"column":22},"end":{"line":81,"column":70}}],"line":81}},"s":{"0":0,"1":0,"2":0,"3":0,"4":0,"5":0,"6":0,"7":0,"8":0,"9":0,"10":0,"11":0,"12":0,"13":0,"14":0,"15":0,"16":0,"17":0,"18":0,"19":0},"f":{"0":0,"1":0,"2":0,"3":0,"4":0,"5":0},"b":{"0":[0,0],"1":[0,0],"2":[0,0],"3":[0,0]}}
,"C:\\Users\\Andy\\OneDrive\\Documents\\Workspace Automne 2026\\Tricolo\\Tricolo_frontend\\src\\pages\\NotFoundPage.jsx": {"path":"C:\\Users\\Andy\\OneDrive\\Documents\\Workspace Automne 2026\\Tricolo\\Tricolo_frontend\\src\\pages\\NotFoundPage.jsx","statementMap":{"0":{"start":{"line":2,"column":2},"end":{"line":7,"column":4}}},"fnMap":{"0":{"name":"NotFoundPage","decl":{"start":{"line":1,"column":24},"end":{"line":1,"column":36}},"loc":{"start":{"line":1,"column":39},"end":{"line":8,"column":1}},"line":1}},"branchMap":{},"s":{"0":0},"f":{"0":0},"b":{}}
,"C:\\Users\\Andy\\OneDrive\\Documents\\Workspace Automne 2026\\Tricolo\\Tricolo_frontend\\src\\services\\api.js": {"path":"C:\\Users\\Andy\\OneDrive\\Documents\\Workspace Automne 2026\\Tricolo\\Tricolo_frontend\\src\\services\\api.js","statementMap":{"0":{"start":{"line":4,"column":2},"end":{"line":26,"column":3}},"1":{"start":{"line":5,"column":21},"end":{"line":11,"column":6}},"2":{"start":{"line":13,"column":4},"end":{"line":16,"column":5}},"3":{"start":{"line":14,"column":24},"end":{"line":14,"column":45}},"4":{"start":{"line":15,"column":6},"end":{"line":15,"column":68}},"5":{"start":{"line":18,"column":4},"end":{"line":20,"column":5}},"6":{"start":{"line":19,"column":6},"end":{"line":19,"column":18}},"7":{"start":{"line":22,"column":4},"end":{"line":22,"column":27}},"8":{"start":{"line":24,"column":4},"end":{"line":24,"column":43}},"9":{"start":{"line":25,"column":4},"end":{"line":25,"column":16}},"10":{"start":{"line":29,"column":19},"end":{"line":46,"column":1}},"11":{"start":{"line":30,"column":26},"end":{"line":30,"column":70}},"12":{"start":{"line":32,"column":4},"end":{"line":36,"column":6}},"13":{"start":{"line":38,"column":4},"end":{"line":42,"column":6}},"14":{"start":{"line":44,"column":23},"end":{"line":44,"column":42}},"15":{"start":{"line":45,"column":21},"end":{"line":45,"column":38}}},"fnMap":{"0":{"name":"request","decl":{"start":{"line":3,"column":15},"end":{"line":3,"column":22}},"loc":{"start":{"line":3,"column":43},"end":{"line":27,"column":1}},"line":3},"1":{"name":"(anonymous_1)","decl":{"start":{"line":30,"column":7},"end":{"line":30,"column":8}},"loc":{"start":{"line":30,"column":26},"end":{"line":30,"column":70}},"line":30},"2":{"name":"(anonymous_2)","decl":{"start":{"line":31,"column":8},"end":{"line":31,"column":9}},"loc":{"start":{"line":32,"column":4},"end":{"line":36,"column":6}},"line":32},"3":{"name":"(anonymous_3)","decl":{"start":{"line":37,"column":7},"end":{"line":37,"column":8}},"loc":{"start":{"line":38,"column":4},"end":{"line":42,"column":6}},"line":38},"4":{"name":"(anonymous_4)","decl":{"start":{"line":44,"column":17},"end":{"line":44,"column":18}},"loc":{"start":{"line":44,"column":23},"end":{"line":44,"column":42}},"line":44},"5":{"name":"(anonymous_5)","decl":{"start":{"line":45,"column":15},"end":{"line":45,"column":16}},"loc":{"start":{"line":45,"column":21},"end":{"line":45,"column":38}},"line":45}},"branchMap":{"0":{"loc":{"start":{"line":3,"column":29},"end":{"line":3,"column":41}},"type":"default-arg","locations":[{"start":{"line":3,"column":39},"end":{"line":3,"column":41}}],"line":3},"1":{"loc":{"start":{"line":8,"column":12},"end":{"line":8,"column":33}},"type":"binary-expr","locations":[{"start":{"line":8,"column":12},"end":{"line":8,"column":27}},{"start":{"line":8,"column":31},"end":{"line":8,"column":33}}],"line":8},"2":{"loc":{"start":{"line":13,"column":4},"end":{"line":16,"column":5}},"type":"if","locations":[{"start":{"line":13,"column":4},"end":{"line":16,"column":5}},{"start":{},"end":{}}],"line":13},"3":{"loc":{"start":{"line":15,"column":22},"end":{"line":15,"column":66}},"type":"binary-expr","locations":[{"start":{"line":15,"column":22},"end":{"line":15,"column":31}},{"start":{"line":15,"column":35},"end":{"line":15,"column":66}}],"line":15},"4":{"loc":{"start":{"line":18,"column":4},"end":{"line":20,"column":5}},"type":"if","locations":[{"start":{"line":18,"column":4},"end":{"line":20,"column":5}},{"start":{},"end":{}}],"line":18}},"s":{"0":7,"1":7,"2":6,"3":1,"4":1,"5":5,"6":1,"7":4,"8":2,"9":2,"10":7,"11":5,"12":1,"13":1,"14":1,"15":1},"f":{"0":7,"1":5,"2":1,"3":1,"4":1,"5":1},"b":{"0":[0],"1":[7,7],"2":[1,5],"3":[1,0],"4":[1,4]},"_coverageSchema":"1a1c01bbd47fc00a2c39e90264f33305004495a9","hash":"7761f6c8be94cda2bc8ced19704fe6b614bed251"}
,"C:\\Users\\Andy\\OneDrive\\Documents\\Workspace Automne 2026\\Tricolo\\Tricolo_frontend\\src\\services\\authService.js": {"path":"C:\\Users\\Andy\\OneDrive\\Documents\\Workspace Automne 2026\\Tricolo\\Tricolo_frontend\\src\\services\\authService.js","statementMap":{"0":{"start":{"line":3,"column":18},"end":{"line":3,"column":33}},"1":{"start":{"line":6,"column":2},"end":{"line":6,"column":41}},"2":{"start":{"line":10,"column":2},"end":{"line":10,"column":41}},"3":{"start":{"line":14,"column":2},"end":{"line":14,"column":37}},"4":{"start":{"line":20,"column":30},"end":{"line":20,"column":41}},"5":{"start":{"line":22,"column":2},"end":{"line":24,"column":3}},"6":{"start":{"line":23,"column":4},"end":{"line":23,"column":52}},"7":{"start":{"line":26,"column":20},"end":{"line":26,"column":38}},"8":{"start":{"line":27,"column":2},"end":{"line":27,"column":22}},"9":{"start":{"line":28,"column":2},"end":{"line":28,"column":62}},"10":{"start":{"line":33,"column":2},"end":{"line":33,"column":15}},"11":{"start":{"line":34,"column":2},"end":{"line":38,"column":3}},"12":{"start":{"line":35,"column":4},"end":{"line":35,"column":39}}},"fnMap":{"0":{"name":"getToken","decl":{"start":{"line":5,"column":16},"end":{"line":5,"column":24}},"loc":{"start":{"line":5,"column":27},"end":{"line":7,"column":1}},"line":5},"1":{"name":"setToken","decl":{"start":{"line":9,"column":16},"end":{"line":9,"column":24}},"loc":{"start":{"line":9,"column":32},"end":{"line":11,"column":1}},"line":9},"2":{"name":"clearToken","decl":{"start":{"line":13,"column":16},"end":{"line":13,"column":26}},"loc":{"start":{"line":13,"column":29},"end":{"line":15,"column":1}},"line":13},"3":{"name":"login","decl":{"start":{"line":17,"column":22},"end":{"line":17,"column":27}},"loc":{"start":{"line":17,"column":41},"end":{"line":29,"column":1}},"line":17},"4":{"name":"logout","decl":{"start":{"line":31,"column":22},"end":{"line":31,"column":28}},"loc":{"start":{"line":31,"column":31},"end":{"line":39,"column":1}},"line":31}},"branchMap":{"0":{"loc":{"start":{"line":22,"column":2},"end":{"line":24,"column":3}},"type":"if","locations":[{"start":{"line":22,"column":2},"end":{"line":24,"column":3}},{"start":{},"end":{}}],"line":22},"1":{"loc":{"start":{"line":22,"column":6},"end":{"line":22,"column":25}},"type":"binary-expr","locations":[{"start":{"line":22,"column":6},"end":{"line":22,"column":12}},{"start":{"line":22,"column":16},"end":{"line":22,"column":25}}],"line":22}},"s":{"0":6,"1":14,"2":15,"3":7,"4":10,"5":10,"6":3,"7":7,"8":7,"9":7,"10":5,"11":5,"12":5},"f":{"0":14,"1":15,"2":7,"3":10,"4":5},"b":{"0":[3,7],"1":[10,8]},"_coverageSchema":"1a1c01bbd47fc00a2c39e90264f33305004495a9","hash":"d038bd42a1f39429627d0c0385a5e160de46bd1f"}
,"C:\\Users\\Andy\\OneDrive\\Documents\\Workspace Automne 2026\\Tricolo\\Tricolo_frontend\\src\\utils\\constants.js": {"path":"C:\\Users\\Andy\\OneDrive\\Documents\\Workspace Automne 2026\\Tricolo\\Tricolo_frontend\\src\\utils\\constants.js","statementMap":{"0":{"start":{"line":5,"column":0},"end":{"line":12,"column":1}},"1":{"start":{"line":7,"column":2},"end":{"line":9,"column":3}},"2":{"start":{"line":8,"column":4},"end":{"line":8,"column":56}},"3":{"start":{"line":15,"column":0},"end":{"line":17,"column":1}},"4":{"start":{"line":16,"column":2},"end":{"line":16,"column":93}}},"fnMap":{},"branchMap":{"0":{"loc":{"start":{"line":7,"column":2},"end":{"line":9,"column":3}},"type":"if","locations":[{"start":{"line":7,"column":2},"end":{"line":9,"column":3}},{"start":{},"end":{}}],"line":7},"1":{"loc":{"start":{"line":7,"column":6},"end":{"line":7,"column":79}},"type":"binary-expr","locations":[{"start":{"line":7,"column":6},"end":{"line":7,"column":39}},{"start":{"line":7,"column":43},"end":{"line":7,"column":79}}],"line":7},"2":{"loc":{"start":{"line":15,"column":0},"end":{"line":17,"column":1}},"type":"if","locations":[{"start":{"line":15,"column":0},"end":{"line":17,"column":1}},{"start":{},"end":{}}],"line":15},"3":{"loc":{"start":{"line":16,"column":17},"end":{"line":16,"column":92}},"type":"binary-expr","locations":[{"start":{"line":16,"column":17},"end":{"line":16,"column":46}},{"start":{"line":16,"column":50},"end":{"line":16,"column":92}}],"line":16}},"s":{"0":7,"1":7,"2":0,"3":7,"4":7},"f":{},"b":{"0":[0,7],"1":[7,7],"2":[7,0],"3":[7,7]},"_coverageSchema":"1a1c01bbd47fc00a2c39e90264f33305004495a9","hash":"5d7a9197ef1e65f04e8020af46d629e311bd4bbb"}
}
