{"C:\\Users\\Andy\\OneDrive\\Documents\\Workspace Automne 2026\\Tricolo\\Tricolo_frontend\\src\\App.jsx": {"path":"C:\\Users\\Andy\\OneDrive\\Documents\\Workspace Automne 2026\\Tricolo\\Tricolo_frontend\\src\\App.jsx","statementMap":{"0":{"start":{"line":12,"column":4},"end":{"line":23,"column":6}}},"fnMap":{"0":{"name":"App","decl":{"start":{"line":11,"column":9},"end":{"line":11,"column":12}},"loc":{"start":{"line":11,"column":15},"end":{"line":24,"column":1}},"line":11}},"branchMap":{},"s":{"0":20},"f":{"0":20},"b":{},"_coverageSchema":"1a1c01bbd47fc00a2c39e90264f33305004495a9","hash":"011cf08b74f35a50a417831fb403b07ee27a69b1"}
,"C:\\Users\\Andy\\OneDrive\\Documents\\Workspace Automne 2026\\Tricolo\\Tricolo_frontend\\src\\components\\layout\\Header.jsx": {"path":"C:\\Users\\Andy\\OneDrive\\Documents\\Workspace Automne 2026\\Tricolo\\Tricolo_frontend\\src\\components\\layout\\Header.jsx","statementMap":{"0":{"start":{"line":5,"column":38},"end":{"line":5,"column":47}},"1":{"start":{"line":6,"column":19},"end":{"line":6,"column":32}},"2":{"start":{"line":7,"column":21},"end":{"line":7,"column":78}},"3":{"start":{"line":9,"column":2},"end":{"line":27,"column":4}}},"fnMap":{"0":{"name":"Header","decl":{"start":{"line":4,"column":24},"end":{"line":4,"column":30}},"loc":{"start":{"line":4,"column":33},"end":{"line":28,"column":1}},"line":4}},"branchMap":{"0":{"loc":{"start":{"line":7,"column":21},"end":{"line":7,"column":78}},"type":"binary-expr","locations":[{"start":{"line":7,"column":21},"end":{"line":7,"column":36}},{"start":{"line":7,"column":40},"end":{"line":7,"column":78}}],"line":7},"1":{"loc":{"start":{"line":20,"column":9},"end":{"line":24,"column":9}},"type":"binary-expr","locations":[{"start":{"line":20,"column":9},"end":{"line":20,"column":19}},{"start":{"line":21,"column":10},"end":{"line":23,"column":19}}],"line":20}},"s":{"0":8,"1":8,"2":8,"3":8},"f":{"0":8},"b":{"0":[8,2],"1":[8,0]},"_coverageSchema":"1a1c01bbd47fc00a2c39e90264f33305004495a9","hash":"33452b4e58610bf0bb360cf3504a0f2a04d865ee"}
,"C:\\Users\\Andy\\OneDrive\\Documents\\Workspace Automne 2026\\Tricolo\\Tricolo_frontend\\src\\components\\layout\\ProtectedRoute.jsx": {"path":"C:\\Users\\Andy\\OneDrive\\Documents\\Workspace Automne 2026\\Tricolo\\Tricolo_frontend\\src\\components\\layout\\ProtectedRoute.jsx","statementMap":{"0":{"start":{"line":5,"column":30},"end":{"line":5,"column":39}},"1":{"start":{"line":7,"column":2},"end":{"line":9,"column":3}},"2":{"start":{"line":8,"column":4},"end":{"line":8,"column":44}},"3":{"start":{"line":11,"column":2},"end":{"line":11,"column":18}}},"fnMap":{"0":{"name":"ProtectedRoute","decl":{"start":{"line":4,"column":24},"end":{"line":4,"column":38}},"loc":{"start":{"line":4,"column":53},"end":{"line":12,"column":1}},"line":4}},"branchMap":{"0":{"loc":{"start":{"line":7,"column":2},"end":{"line":9,"column":3}},"type":"if","locations":[{"start":{"line":7,"column":2},"end":{"line":9,"column":3}},{"start":{},"end":{}}],"line":7}},"s":{"0":4,"1":4,"2":1,"3":3},"f":{"0":4},"b":{"0":[1,3]},"_coverageSchema":"1a1c01bbd47fc00a2c39e90264f33305004495a9","hash":"24184fa5a3b4b9d3179e170b539a5ef2c29bcad6"}
,"C:\\Users\\Andy\\OneDrive\\Documents\\Workspace Automne 2026\\Tricolo\\Tricolo_frontend\\src\\context\\AuthContext.jsx": {"path":"C:\\Users\\Andy\\OneDrive\\Documents\\Workspace Automne 2026\\Tricolo\\Tricolo_frontend\\src\\context\\AuthContext.jsx","statementMap":{"0":{"start":{"line":4,"column":27},"end":{"line":4,"column":46}},"1":{"start":{"line":7,"column":26},"end":{"line":12,"column":4}},"2":{"start":{"line":8,"column":18},"end":{"line":8,"column":28}},"3":{"start":{"line":10,"column":22},"end":{"line":10,"column":58}},"4":{"start":{"line":11,"column":4},"end":{"line":11,"column":61}},"5":{"start":{"line":14,"column":26},"end":{"line":14,"column":39}},"6":{"start":{"line":16,"column":16},"end":{"line":22,"column":8}},"7":{"start":{"line":17,"column":19},"end":{"line":17,"column":50}},"8":{"start":{"line":18,"column":4},"end":{"line":18,"column":25}},"9":{"start":{"line":20,"column":4},"end":{"line":20,"column":70}},"10":{"start":{"line":21,"column":4},"end":{"line":21,"column":18}},"11":{"start":{"line":24,"column":17},"end":{"line":28,"column":8}},"12":{"start":{"line":25,"column":4},"end":{"line":25,"column":26}},"13":{"start":{"line":26,"column":4},"end":{"line":26,"column":18}},"14":{"start":{"line":27,"column":4},"end":{"line":27,"column":44}},"15":{"start":{"line":30,"column":16},"end":{"line":33,"column":3}},"16":{"start":{"line":31,"column":11},"end":{"line":31,"column":51}},"17":{"start":{"line":35,"column":2},"end":{"line":35,"column":79}}},"fnMap":{"0":{"name":"AuthProvider","decl":{"start":{"line":6,"column":16},"end":{"line":6,"column":28}},"loc":{"start":{"line":6,"column":43},"end":{"line":36,"column":1}},"line":6},"1":{"name":"(anonymous_1)","decl":{"start":{"line":7,"column":35},"end":{"line":7,"column":36}},"loc":{"start":{"line":7,"column":41},"end":{"line":12,"column":3}},"line":7},"2":{"name":"(anonymous_2)","decl":{"start":{"line":16,"column":28},"end":{"line":16,"column":29}},"loc":{"start":{"line":16,"column":51},"end":{"line":22,"column":3}},"line":16},"3":{"name":"(anonymous_3)","decl":{"start":{"line":24,"column":29},"end":{"line":24,"column":30}},"loc":{"start":{"line":24,"column":41},"end":{"line":28,"column":3}},"line":24},"4":{"name":"(anonymous_4)","decl":{"start":{"line":31,"column":4},"end":{"line":31,"column":5}},"loc":{"start":{"line":31,"column":11},"end":{"line":31,"column":51}},"line":31}},"branchMap":{"0":{"loc":{"start":{"line":11,"column":11},"end":{"line":11,"column":60}},"type":"cond-expr","locations":[{"start":{"line":11,"column":32},"end":{"line":11,"column":53}},{"start":{"line":11,"column":56},"end":{"line":11,"column":60}}],"line":11},"1":{"loc":{"start":{"line":11,"column":11},"end":{"line":11,"column":29}},"type":"binary-expr","locations":[{"start":{"line":11,"column":11},"end":{"line":11,"column":16}},{"start":{"line":11,"column":20},"end":{"line":11,"column":29}}],"line":11}},"s":{"0":7,"1":9,"2":7,"3":7,"4":7,"5":9,"6":9,"7":2,"8":2,"9":2,"10":2,"11":9,"12":1,"13":1,"14":1,"15":9,"16":8,"17":9},"f":{"0":9,"1":7,"2":2,"3":1,"4":8},"b":{"0":[1,6],"1":[7,2]},"_coverageSchema":"1a1c01bbd47fc00a2c39e90264f33305004495a9","hash":"10bfca83083aa561f032ccac40cbb8597e704a04"}
,"C:\\Users\\Andy\\OneDrive\\Documents\\Workspace Automne 2026\\Tricolo\\Tricolo_frontend\\src\\hooks\\useAuth.js": {"path":"C:\\Users\\Andy\\OneDrive\\Documents\\Workspace Automne 2026\\Tricolo\\Tricolo_frontend\\src\\hooks\\useAuth.js","statementMap":{"0":{"start":{"line":5,"column":18},"end":{"line":5,"column":41}},"1":{"start":{"line":6,"column":2},"end":{"line":8,"column":3}},"2":{"start":{"line":7,"column":4},"end":{"line":7,"column":67}},"3":{"start":{"line":9,"column":2},"end":{"line":9,"column":17}}},"fnMap":{"0":{"name":"useAuth","decl":{"start":{"line":4,"column":16},"end":{"line":4,"column":23}},"loc":{"start":{"line":4,"column":26},"end":{"line":10,"column":1}},"line":4}},"branchMap":{"0":{"loc":{"start":{"line":6,"column":2},"end":{"line":8,"column":3}},"type":"if","locations":[{"start":{"line":6,"column":2},"end":{"line":8,"column":3}},{"start":{},"end":{}}],"line":6}},"s":{"0":8,"1":8,"2":2,"3":6},"f":{"0":8},"b":{"0":[2,6]},"_coverageSchema":"1a1c01bbd47fc00a2c39e90264f33305004495a9","hash":"f9ceebe3a80493b36f8caa220cd1caeeba8df43e"}
,"C:\\Users\\Andy\\OneDrive\\Documents\\Workspace Automne 2026\\Tricolo\\Tricolo_frontend\\src\\hooks\\useAutoFetch.js": {"path":"C:\\Users\\Andy\\OneDrive\\Documents\\Workspace Automne 2026\\Tricolo\\Tricolo_frontend\\src\\hooks\\useAutoFetch.js","statementMap":{"0":{"start":{"line":10,"column":2},"end":{"line":21,"column":43}},"1":{"start":{"line":11,"column":4},"end":{"line":11,"column":25}},"2":{"start":{"line":11,"column":18},"end":{"line":11,"column":25}},"3":{"start":{"line":14,"column":4},"end":{"line":14,"column":20}},"4":{"start":{"line":17,"column":21},"end":{"line":17,"column":59}},"5":{"start":{"line":20,"column":4},"end":{"line":20,"column":41}},"6":{"start":{"line":20,"column":17},"end":{"line":20,"column":40}}},"fnMap":{"0":{"name":"useAutoFetch","decl":{"start":{"line":9,"column":16},"end":{"line":9,"column":28}},"loc":{"start":{"line":9,"column":80},"end":{"line":22,"column":1}},"line":9},"1":{"name":"(anonymous_1)","decl":{"start":{"line":10,"column":12},"end":{"line":10,"column":13}},"loc":{"start":{"line":10,"column":18},"end":{"line":21,"column":3}},"line":10},"2":{"name":"(anonymous_2)","decl":{"start":{"line":20,"column":11},"end":{"line":20,"column":12}},"loc":{"start":{"line":20,"column":17},"end":{"line":20,"column":40}},"line":20}},"branchMap":{"0":{"loc":{"start":{"line":9,"column":44},"end":{"line":9,"column":62}},"type":"default-arg","locations":[{"start":{"line":9,"column":57},"end":{"line":9,"column":62}}],"line":9},"1":{"loc":{"start":{"line":9,"column":64},"end":{"line":9,"column":78}},"type":"default-arg","locations":[{"start":{"line":9,"column":74},"end":{"line":9,"column":78}}],"line":9},"2":{"loc":{"start":{"line":11,"column":4},"end":{"line":11,"column":25}},"type":"if","locations":[{"start":{"line":11,"column":4},"end":{"line":11,"column":25}},{"start":{},"end":{}}],"line":11}},"s":{"0":7,"1":7,"2":1,"3":6,"4":6,"5":6,"6":6},"f":{"0":7,"1":7,"2":6},"b":{"0":[0],"1":[4],"2":[1,6]},"_coverageSchema":"1a1c01bbd47fc00a2c39e90264f33305004495a9","hash":"284f7561a19515fb5c21bebcceb50a19325295be"}
,"C:\\Users\\Andy\\OneDrive\\Documents\\Workspace Automne 2026\\Tricolo\\Tricolo_frontend\\src\\pages\\AdminPage.jsx": {"path":"C:\\Users\\Andy\\OneDrive\\Documents\\Workspace Automne 2026\\Tricolo\\Tricolo_frontend\\src\\pages\\AdminPage.jsx","statementMap":{"0":{"start":{"line":5,"column":17},"end":{"line":9,"column":1}},"1":{"start":{"line":12,"column":20},"end":{"line":12,"column":29}},"2":{"start":{"line":13,"column":26},"end":{"line":13,"column":66}},"3":{"start":{"line":14,"column":42},"end":{"line":14,"column":57}},"4":{"start":{"line":15,"column":28},"end":{"line":15,"column":40}},"5":{"start":{"line":16,"column":36},"end":{"line":16,"column":51}},"6":{"start":{"line":18,"column":23},"end":{"line":21,"column":3}},"7":{"start":{"line":19,"column":28},"end":{"line":19,"column":40}},"8":{"start":{"line":20,"column":4},"end":{"line":20,"column":52}},"9":{"start":{"line":20,"column":23},"end":{"line":20,"column":49}},"10":{"start":{"line":23,"column":23},"end":{"line":35,"column":3}},"11":{"start":{"line":24,"column":4},"end":{"line":24,"column":27}},"12":{"start":{"line":25,"column":4},"end":{"line":25,"column":17}},"13":{"start":{"line":26,"column":4},"end":{"line":26,"column":23}},"14":{"start":{"line":28,"column":4},"end":{"line":34,"column":5}},"15":{"start":{"line":29,"column":6},"end":{"line":29,"column":24}},"16":{"start":{"line":31,"column":6},"end":{"line":31,"column":53}},"17":{"start":{"line":33,"column":6},"end":{"line":33,"column":26}},"18":{"start":{"line":37,"column":2},"end":{"line":95,"column":4}},"19":{"start":{"line":77,"column":31},"end":{"line":77,"column":61}},"20":{"start":{"line":99,"column":2},"end":{"line":133,"column":4}},"21":{"start":{"line":108,"column":10},"end":{"line":129,"column":20}},"22":{"start":{"line":137,"column":30},"end":{"line":137,"column":39}},"23":{"start":{"line":139,"column":2},"end":{"line":139,"column":66}}},"fnMap":{"0":{"name":"AdminLoginForm","decl":{"start":{"line":11,"column":9},"end":{"line":11,"column":23}},"loc":{"start":{"line":11,"column":26},"end":{"line":96,"column":1}},"line":11},"1":{"name":"(anonymous_1)","decl":{"start":{"line":18,"column":23},"end":{"line":18,"column":24}},"loc":{"start":{"line":18,"column":34},"end":{"line":21,"column":3}},"line":18},"2":{"name":"(anonymous_2)","decl":{"start":{"line":20,"column":12},"end":{"line":20,"column":13}},"loc":{"start":{"line":20,"column":23},"end":{"line":20,"column":49}},"line":20},"3":{"name":"(anonymous_3)","decl":{"start":{"line":23,"column":23},"end":{"line":23,"column":24}},"loc":{"start":{"line":23,"column":40},"end":{"line":35,"column":3}},"line":23},"4":{"name":"(anonymous_4)","decl":{"start":{"line":77,"column":25},"end":{"line":77,"column":26}},"loc":{"start":{"line":77,"column":31},"end":{"line":77,"column":61}},"line":77},"5":{"name":"AdminBinsList","decl":{"start":{"line":98,"column":9},"end":{"line":98,"column":22}},"loc":{"start":{"line":98,"column":25},"end":{"line":134,"column":1}},"line":98},"6":{"name":"(anonymous_6)","decl":{"start":{"line":107,"column":22},"end":{"line":107,"column":23}},"loc":{"start":{"line":108,"column":10},"end":{"line":129,"column":20}},"line":108},"7":{"name":"AdminPage","decl":{"start":{"line":136,"column":24},"end":{"line":136,"column":33}},"loc":{"start":{"line":136,"column":36},"end":{"line":140,"column":1}},"line":136}},"branchMap":{"0":{"loc":{"start":{"line":31,"column":15},"end":{"line":31,"column":51}},"type":"binary-expr","locations":[{"start":{"line":31,"column":15},"end":{"line":31,"column":26}},{"start":{"line":31,"column":30},"end":{"line":31,"column":51}}],"line":31},"1":{"loc":{"start":{"line":65,"column":22},"end":{"line":65,"column":56}},"type":"cond-expr","locations":[{"start":{"line":65,"column":37},"end":{"line":65,"column":43}},{"start":{"line":65,"column":46},"end":{"line":65,"column":56}}],"line":65},"2":{"loc":{"start":{"line":85,"column":11},"end":{"line":85,"column":69}},"type":"binary-expr","locations":[{"start":{"line":85,"column":11},"end":{"line":85,"column":16}},{"start":{"line":85,"column":20},"end":{"line":85,"column":69}}],"line":85},"3":{"loc":{"start":{"line":88,"column":13},"end":{"line":88,"column":65}},"type":"cond-expr","locations":[{"start":{"line":88,"column":25},"end":{"line":88,"column":48}},{"start":{"line":88,"column":51},"end":{"line":88,"column":65}}],"line":88},"4":{"loc":{"start":{"line":139,"column":9},"end":{"line":139,"column":65}},"type":"cond-expr","locations":[{"start":{"line":139,"column":27},"end":{"line":139,"column":44}},{"start":{"line":139,"column":47},"end":{"line":139,"column":65}}],"line":139}},"s":{"0":1,"1":62,"2":62,"3":62,"4":62,"5":62,"6":62,"7":46,"8":46,"9":46,"10":62,"11":3,"12":3,"13":3,"14":3,"15":3,"16":1,"17":3,"18":62,"19":1,"20":3,"21":9,"22":12,"23":12},"f":{"0":62,"1":46,"2":46,"3":3,"4":1,"5":3,"6":9,"7":12},"b":{"0":[1,0],"1":[1,61],"2":[62,1],"3":[3,59],"4":[3,9]},"_coverageSchema":"1a1c01bbd47fc00a2c39e90264f33305004495a9","hash":"1d0c49b07152ee9f8f0a45cd8d1555b6c9466d95"}
,"C:\\Users\\Andy\\OneDrive\\Documents\\Workspace Automne 2026\\Tricolo\\Tricolo_frontend\\src\\pages\\DashboardPage.jsx": {"path":"C:\\Users\\Andy\\OneDrive\\Documents\\Workspace Automne 2026\\Tricolo\\Tricolo_frontend\\src\\pages\\DashboardPage.jsx","statementMap":{"0":{"start":{"line":5,"column":22},"end":{"line":10,"column":1}},"1":{"start":{"line":12,"column":18},"end":{"line":12,"column":67}},"2":{"start":{"line":15,"column":2},"end":{"line":15,"column":48}},"3":{"start":{"line":19,"column":2},"end":{"line":19,"column":26}},"4":{"start":{"line":19,"column":14},"end":{"line":19,"column":26}},"5":{"start":{"line":20,"column":2},"end":{"line":23,"column":3}},"6":{"start":{"line":21,"column":17},"end":{"line":21,"column":32}},"7":{"start":{"line":22,"column":4},"end":{"line":22,"column":54}},"8":{"start":{"line":25,"column":31},"end":{"line":25,"column":47}},"9":{"start":{"line":26,"column":2},"end":{"line":39,"column":3}},"10":{"start":{"line":27,"column":31},"end":{"line":27,"column":50}},"11":{"start":{"line":28,"column":4},"end":{"line":28,"column":27}},"12":{"start":{"line":28,"column":15},"end":{"line":28,"column":27}},"13":{"start":{"line":29,"column":53},"end":{"line":29,"column":80}},"14":{"start":{"line":30,"column":17},"end":{"line":37,"column":5}},"15":{"start":{"line":38,"column":4},"end":{"line":38,"column":54}},"16":{"start":{"line":41,"column":19},"end":{"line":41,"column":34}},"17":{"start":{"line":42,"column":2},"end":{"line":42,"column":60}},"18":{"start":{"line":46,"column":32},"end":{"line":46,"column":46}},"19":{"start":{"line":47,"column":28},"end":{"line":47,"column":42}},"20":{"start":{"line":48,"column":32},"end":{"line":48,"column":46}},"21":{"start":{"line":49,"column":28},"end":{"line":49,"column":42}},"22":{"start":{"line":50,"column":40},"end":{"line":50,"column":54}},"23":{"start":{"line":53,"column":20},"end":{"line":67,"column":3}},"24":{"start":{"line":54,"column":4},"end":{"line":66,"column":5}},"25":{"start":{"line":55,"column":6},"end":{"line":55,"column":23}},"26":{"start":{"line":56,"column":25},"end":{"line":56,"column":50}},"27":{"start":{"line":57,"column":24},"end":{"line":57,"column":47}},"28":{"start":{"line":58,"column":6},"end":{"line":58,"column":29}},"29":{"start":{"line":59,"column":6},"end":{"line":59,"column":26}},"30":{"start":{"line":60,"column":6},"end":{"line":60,"column":33}},"31":{"start":{"line":62,"column":6},"end":{"line":62,"column":28}},"32":{"start":{"line":63,"column":6},"end":{"line":63,"column":60}},"33":{"start":{"line":65,"column":6},"end":{"line":65,"column":24}},"34":{"start":{"line":70,"column":2},"end":{"line":79,"column":9}},"35":{"start":{"line":72,"column":4},"end":{"line":72,"column":16}},"36":{"start":{"line":75,"column":21},"end":{"line":75,"column":50}},"37":{"start":{"line":78,"column":4},"end":{"line":78,"column":41}},"38":{"start":{"line":78,"column":17},"end":{"line":78,"column":40}},"39":{"start":{"line":81,"column":24},"end":{"line":182,"column":22}},"40":{"start":{"line":82,"column":24},"end":{"line":82,"column":61}},"41":{"start":{"line":83,"column":22},"end":{"line":83,"column":55}},"42":{"start":{"line":85,"column":23},"end":{"line":85,"column":41}},"43":{"start":{"line":86,"column":28},"end":{"line":90,"column":5}},"44":{"start":{"line":92,"column":28},"end":{"line":97,"column":10}},"45":{"start":{"line":93,"column":18},"end":{"line":93,"column":60}},"46":{"start":{"line":94,"column":6},"end":{"line":94,"column":27}},"47":{"start":{"line":94,"column":16},"end":{"line":94,"column":27}},"48":{"start":{"line":95,"column":6},"end":{"line":95,"column":22}},"49":{"start":{"line":96,"column":6},"end":{"line":96,"column":17}},"50":{"start":{"line":99,"column":26},"end":{"line":99,"column":71}},"51":{"start":{"line":100,"column":31},"end":{"line":117,"column":6}},"52":{"start":{"line":101,"column":19},"end":{"line":101,"column":37}},"53":{"start":{"line":102,"column":19},"end":{"line":102,"column":39}},"54":{"start":{"line":103,"column":20},"end":{"line":103,"column":42}},"55":{"start":{"line":104,"column":20},"end":{"line":108,"column":13}},"56":{"start":{"line":110,"column":6},"end":{"line":116,"column":8}},"57":{"start":{"line":119,"column":26},"end":{"line":119,"column":42}},"58":{"start":{"line":120,"column":25},"end":{"line":120,"column":42}},"59":{"start":{"line":122,"column":4},"end":{"line":128,"column":7}},"60":{"start":{"line":123,"column":19},"end":{"line":123,"column":46}},"61":{"start":{"line":124,"column":6},"end":{"line":124,"column":24}},"62":{"start":{"line":124,"column":17},"end":{"line":124,"column":24}},"63":{"start":{"line":125,"column":23},"end":{"line":125,"column":46}},"64":{"start":{"line":126,"column":6},"end":{"line":126,"column":35}},"65":{"start":{"line":127,"column":6},"end":{"line":127,"column":41}},"66":{"start":{"line":130,"column":32},"end":{"line":133,"column":7}},"67":{"start":{"line":130,"column":63},"end":{"line":133,"column":5}},"68":{"start":{"line":135,"column":31},"end":{"line":139,"column":6}},"69":{"start":{"line":136,"column":19},"end":{"line":136,"column":28}},"70":{"start":{"line":137,"column":20},"end":{"line":137,"column":70}},"71":{"start":{"line":138,"column":6},"end":{"line":138,"column":41}},"72":{"start":{"line":141,"column":28},"end":{"line":144,"column":5}},"73":{"start":{"line":142,"column":26},"end":{"line":142,"column":69}},"74":{"start":{"line":146,"column":29},"end":{"line":149,"column":5}},"75":{"start":{"line":147,"column":26},"end":{"line":147,"column":69}},"76":{"start":{"line":151,"column":23},"end":{"line":151,"column":56}},"77":{"start":{"line":152,"column":24},"end":{"line":155,"column":9}},"78":{"start":{"line":153,"column":19},"end":{"line":153,"column":39}},"79":{"start":{"line":154,"column":6},"end":{"line":154,"column":44}},"80":{"start":{"line":157,"column":29},"end":{"line":171,"column":22}},"81":{"start":{"line":159,"column":21},"end":{"line":159,"column":39}},"82":{"start":{"line":160,"column":21},"end":{"line":160,"column":41}},"83":{"start":{"line":161,"column":22},"end":{"line":161,"column":44}},"84":{"start":{"line":162,"column":22},"end":{"line":162,"column":71}},"85":{"start":{"line":164,"column":8},"end":{"line":169,"column":10}},"86":{"start":{"line":173,"column":4},"end":{"line":181,"column":6}},"87":{"start":{"line":184,"column":21},"end":{"line":188,"column":3}},"88":{"start":{"line":189,"column":24},"end":{"line":189,"column":58}},"89":{"start":{"line":190,"column":25},"end":{"line":190,"column":60}},"90":{"start":{"line":191,"column":24},"end":{"line":191,"column":58}},"91":{"start":{"line":192,"column":22},"end":{"line":192,"column":54}},"92":{"start":{"line":193,"column":21},"end":{"line":193,"column":53}},"93":{"start":{"line":194,"column":22},"end":{"line":194,"column":55}},"94":{"start":{"line":196,"column":2},"end":{"line":325,"column":4}},"95":{"start":{"line":239,"column":10},"end":{"line":249,"column":20}},"96":{"start":{"line":277,"column":14},"end":{"line":285,"column":20}},"97":{"start":{"line":298,"column":14},"end":{"line":306,"column":20}},"98":{"start":{"line":315,"column":10},"end":{"line":321,"column":20}}},"fnMap":{"0":{"name":"normalizeCategory","decl":{"start":{"line":14,"column":9},"end":{"line":14,"column":26}},"loc":{"start":{"line":14,"column":34},"end":{"line":16,"column":1}},"line":14},"1":{"name":"parseDechetDate","decl":{"start":{"line":18,"column":9},"end":{"line":18,"column":24}},"loc":{"start":{"line":18,"column":32},"end":{"line":43,"column":1}},"line":18},"2":{"name":"DashboardPage","decl":{"start":{"line":45,"column":24},"end":{"line":45,"column":37}},"loc":{"start":{"line":45,"column":40},"end":{"line":326,"column":1}},"line":45},"3":{"name":"(anonymous_3)","decl":{"start":{"line":53,"column":20},"end":{"line":53,"column":21}},"loc":{"start":{"line":53,"column":32},"end":{"line":67,"column":3}},"line":53},"4":{"name":"(anonymous_4)","decl":{"start":{"line":70,"column":12},"end":{"line":70,"column":13}},"loc":{"start":{"line":70,"column":18},"end":{"line":79,"column":3}},"line":70},"5":{"name":"(anonymous_5)","decl":{"start":{"line":78,"column":11},"end":{"line":78,"column":12}},"loc":{"start":{"line":78,"column":17},"end":{"line":78,"column":40}},"line":78},"6":{"name":"(anonymous_6)","decl":{"start":{"line":81,"column":32},"end":{"line":81,"column":33}},"loc":{"start":{"line":81,"column":38},"end":{"line":182,"column":3}},"line":81},"7":{"name":"(anonymous_7)","decl":{"start":{"line":92,"column":45},"end":{"line":92,"column":46}},"loc":{"start":{"line":92,"column":60},"end":{"line":97,"column":5}},"line":92},"8":{"name":"(anonymous_8)","decl":{"start":{"line":100,"column":49},"end":{"line":100,"column":50}},"loc":{"start":{"line":100,"column":58},"end":{"line":117,"column":5}},"line":100},"9":{"name":"(anonymous_9)","decl":{"start":{"line":122,"column":24},"end":{"line":122,"column":25}},"loc":{"start":{"line":122,"column":34},"end":{"line":128,"column":5}},"line":122},"10":{"name":"(anonymous_10)","decl":{"start":{"line":130,"column":46},"end":{"line":130,"column":47}},"loc":{"start":{"line":130,"column":63},"end":{"line":133,"column":5}},"line":130},"11":{"name":"(anonymous_11)","decl":{"start":{"line":135,"column":58},"end":{"line":135,"column":59}},"loc":{"start":{"line":135,"column":72},"end":{"line":139,"column":5}},"line":135},"12":{"name":"(anonymous_12)","decl":{"start":{"line":142,"column":6},"end":{"line":142,"column":7}},"loc":{"start":{"line":142,"column":26},"end":{"line":142,"column":69}},"line":142},"13":{"name":"(anonymous_13)","decl":{"start":{"line":147,"column":6},"end":{"line":147,"column":7}},"loc":{"start":{"line":147,"column":26},"end":{"line":147,"column":69}},"line":147},"14":{"name":"(anonymous_14)","decl":{"start":{"line":152,"column":42},"end":{"line":152,"column":43}},"loc":{"start":{"line":152,"column":56},"end":{"line":155,"column":5}},"line":152},"15":{"name":"(anonymous_15)","decl":{"start":{"line":158,"column":11},"end":{"line":158,"column":12}},"loc":{"start":{"line":158,"column":20},"end":{"line":170,"column":7}},"line":158},"16":{"name":"(anonymous_16)","decl":{"start":{"line":238,"column":27},"end":{"line":238,"column":28}},"loc":{"start":{"line":239,"column":10},"end":{"line":249,"column":20}},"line":239},"17":{"name":"(anonymous_17)","decl":{"start":{"line":276,"column":32},"end":{"line":276,"column":33}},"loc":{"start":{"line":277,"column":14},"end":{"line":285,"column":20}},"line":277},"18":{"name":"(anonymous_18)","decl":{"start":{"line":297,"column":31},"end":{"line":297,"column":32}},"loc":{"start":{"line":298,"column":14},"end":{"line":306,"column":20}},"line":298},"19":{"name":"(anonymous_19)","decl":{"start":{"line":314,"column":25},"end":{"line":314,"column":26}},"loc":{"start":{"line":315,"column":10},"end":{"line":321,"column":20}},"line":315}},"branchMap":{"0":{"loc":{"start":{"line":19,"column":2},"end":{"line":19,"column":26}},"type":"if","locations":[{"start":{"line":19,"column":2},"end":{"line":19,"column":26}},{"start":{},"end":{}}],"line":19},"1":{"loc":{"start":{"line":20,"column":2},"end":{"line":23,"column":3}},"type":"if","locations":[{"start":{"line":20,"column":2},"end":{"line":23,"column":3}},{"start":{},"end":{}}],"line":20},"2":{"loc":{"start":{"line":22,"column":11},"end":{"line":22,"column":53}},"type":"cond-expr","locations":[{"start":{"line":22,"column":42},"end":{"line":22,"column":46}},{"start":{"line":22,"column":49},"end":{"line":22,"column":53}}],"line":22},"3":{"loc":{"start":{"line":26,"column":2},"end":{"line":39,"column":3}},"type":"if","locations":[{"start":{"line":26,"column":2},"end":{"line":39,"column":3}},{"start":{},"end":{}}],"line":26},"4":{"loc":{"start":{"line":28,"column":4},"end":{"line":28,"column":27}},"type":"if","locations":[{"start":{"line":28,"column":4},"end":{"line":28,"column":27}},{"start":{},"end":{}}],"line":28},"5":{"loc":{"start":{"line":29,"column":11},"end":{"line":29,"column":21}},"type":"default-arg","locations":[{"start":{"line":29,"column":18},"end":{"line":29,"column":21}}],"line":29},"6":{"loc":{"start":{"line":29,"column":23},"end":{"line":29,"column":35}},"type":"default-arg","locations":[{"start":{"line":29,"column":32},"end":{"line":29,"column":35}}],"line":29},"7":{"loc":{"start":{"line":29,"column":37},"end":{"line":29,"column":49}},"type":"default-arg","locations":[{"start":{"line":29,"column":46},"end":{"line":29,"column":49}}],"line":29},"8":{"loc":{"start":{"line":29,"column":54},"end":{"line":29,"column":68}},"type":"binary-expr","locations":[{"start":{"line":29,"column":54},"end":{"line":29,"column":62}},{"start":{"line":29,"column":66},"end":{"line":29,"column":68}}],"line":29},"9":{"loc":{"start":{"line":38,"column":11},"end":{"line":38,"column":53}},"type":"cond-expr","locations":[{"start":{"line":38,"column":42},"end":{"line":38,"column":46}},{"start":{"line":38,"column":49},"end":{"line":38,"column":53}}],"line":38},"10":{"loc":{"start":{"line":42,"column":9},"end":{"line":42,"column":59}},"type":"cond-expr","locations":[{"start":{"line":42,"column":44},"end":{"line":42,"column":48}},{"start":{"line":42,"column":51},"end":{"line":42,"column":59}}],"line":42},"11":{"loc":{"start":{"line":82,"column":24},"end":{"line":82,"column":61}},"type":"cond-expr","locations":[{"start":{"line":82,"column":49},"end":{"line":82,"column":56}},{"start":{"line":82,"column":59},"end":{"line":82,"column":61}}],"line":82},"12":{"loc":{"start":{"line":83,"column":22},"end":{"line":83,"column":55}},"type":"cond-expr","locations":[{"start":{"line":83,"column":45},"end":{"line":83,"column":50}},{"start":{"line":83,"column":53},"end":{"line":83,"column":55}}],"line":83},"13":{"loc":{"start":{"line":94,"column":6},"end":{"line":94,"column":27}},"type":"if","locations":[{"start":{"line":94,"column":6},"end":{"line":94,"column":27}},{"start":{},"end":{}}],"line":94},"14":{"loc":{"start":{"line":103,"column":20},"end":{"line":103,"column":42}},"type":"binary-expr","locations":[{"start":{"line":103,"column":20},"end":{"line":103,"column":37}},{"start":{"line":103,"column":41},"end":{"line":103,"column":42}}],"line":103},"15":{"loc":{"start":{"line":104,"column":20},"end":{"line":108,"column":13}},"type":"cond-expr","locations":[{"start":{"line":105,"column":10},"end":{"line":105,"column":20}},{"start":{"line":106,"column":10},"end":{"line":108,"column":13}}],"line":104},"16":{"loc":{"start":{"line":106,"column":10},"end":{"line":108,"column":13}},"type":"cond-expr","locations":[{"start":{"line":107,"column":12},"end":{"line":107,"column":38}},{"start":{"line":108,"column":12},"end":{"line":108,"column":13}}],"line":106},"17":{"loc":{"start":{"line":124,"column":6},"end":{"line":124,"column":24}},"type":"if","locations":[{"start":{"line":124,"column":6},"end":{"line":124,"column":24}},{"start":{},"end":{}}],"line":124},"18":{"loc":{"start":{"line":137,"column":42},"end":{"line":137,"column":69}},"type":"binary-expr","locations":[{"start":{"line":137,"column":42},"end":{"line":137,"column":64}},{"start":{"line":137,"column":68},"end":{"line":137,"column":69}}],"line":137},"19":{"loc":{"start":{"line":142,"column":26},"end":{"line":142,"column":69}},"type":"cond-expr","locations":[{"start":{"line":142,"column":55},"end":{"line":142,"column":62}},{"start":{"line":142,"column":65},"end":{"line":142,"column":69}}],"line":142},"20":{"loc":{"start":{"line":143,"column":6},"end":{"line":143,"column":54}},"type":"binary-expr","locations":[{"start":{"line":143,"column":6},"end":{"line":143,"column":28}},{"start":{"line":143,"column":32},"end":{"line":143,"column":54}}],"line":143},"21":{"loc":{"start":{"line":147,"column":26},"end":{"line":147,"column":69}},"type":"cond-expr","locations":[{"start":{"line":147,"column":55},"end":{"line":147,"column":62}},{"start":{"line":147,"column":65},"end":{"line":147,"column":69}}],"line":147},"22":{"loc":{"start":{"line":148,"column":6},"end":{"line":148,"column":54}},"type":"binary-expr","locations":[{"start":{"line":148,"column":6},"end":{"line":148,"column":27}},{"start":{"line":148,"column":31},"end":{"line":148,"column":54}}],"line":148},"23":{"loc":{"start":{"line":154,"column":20},"end":{"line":154,"column":42}},"type":"binary-expr","locations":[{"start":{"line":154,"column":20},"end":{"line":154,"column":37}},{"start":{"line":154,"column":41},"end":{"line":154,"column":42}}],"line":154},"24":{"loc":{"start":{"line":161,"column":22},"end":{"line":161,"column":44}},"type":"binary-expr","locations":[{"start":{"line":161,"column":22},"end":{"line":161,"column":39}},{"start":{"line":161,"column":43},"end":{"line":161,"column":44}}],"line":161},"25":{"loc":{"start":{"line":162,"column":22},"end":{"line":162,"column":71}},"type":"cond-expr","locations":[{"start":{"line":162,"column":40},"end":{"line":162,"column":67}},{"start":{"line":162,"column":70},"end":{"line":162,"column":71}}],"line":162},"26":{"loc":{"start":{"line":184,"column":21},"end":{"line":188,"column":3}},"type":"binary-expr","locations":[{"start":{"line":184,"column":21},"end":{"line":184,"column":46}},{"start":{"line":184,"column":50},"end":{"line":188,"column":3}}],"line":184},"27":{"loc":{"start":{"line":189,"column":24},"end":{"line":189,"column":58}},"type":"binary-expr","locations":[{"start":{"line":189,"column":24},"end":{"line":189,"column":52}},{"start":{"line":189,"column":56},"end":{"line":189,"column":58}}],"line":189},"28":{"loc":{"start":{"line":190,"column":25},"end":{"line":190,"column":60}},"type":"binary-expr","locations":[{"start":{"line":190,"column":25},"end":{"line":190,"column":54}},{"start":{"line":190,"column":58},"end":{"line":190,"column":60}}],"line":190},"29":{"loc":{"start":{"line":191,"column":24},"end":{"line":191,"column":58}},"type":"binary-expr","locations":[{"start":{"line":191,"column":24},"end":{"line":191,"column":52}},{"start":{"line":191,"column":56},"end":{"line":191,"column":58}}],"line":191},"30":{"loc":{"start":{"line":192,"column":22},"end":{"line":192,"column":54}},"type":"binary-expr","locations":[{"start":{"line":192,"column":22},"end":{"line":192,"column":48}},{"start":{"line":192,"column":52},"end":{"line":192,"column":54}}],"line":192},"31":{"loc":{"start":{"line":193,"column":21},"end":{"line":193,"column":53}},"type":"binary-expr","locations":[{"start":{"line":193,"column":21},"end":{"line":193,"column":46}},{"start":{"line":193,"column":50},"end":{"line":193,"column":53}}],"line":193},"32":{"loc":{"start":{"line":194,"column":22},"end":{"line":194,"column":55}},"type":"binary-expr","locations":[{"start":{"line":194,"column":22},"end":{"line":194,"column":48}},{"start":{"line":194,"column":52},"end":{"line":194,"column":55}}],"line":194},"33":{"loc":{"start":{"line":203,"column":13},"end":{"line":207,"column":13}},"type":"binary-expr","locations":[{"start":{"line":203,"column":13},"end":{"line":203,"column":24}},{"start":{"line":204,"column":14},"end":{"line":206,"column":18}}],"line":203},"34":{"loc":{"start":{"line":218,"column":22},"end":{"line":218,"column":57}},"type":"cond-expr","locations":[{"start":{"line":218,"column":32},"end":{"line":218,"column":45}},{"start":{"line":218,"column":48},"end":{"line":218,"column":57}}],"line":218},"35":{"loc":{"start":{"line":219,"column":23},"end":{"line":219,"column":40}},"type":"cond-expr","locations":[{"start":{"line":219,"column":33},"end":{"line":219,"column":36}},{"start":{"line":219,"column":39},"end":{"line":219,"column":40}}],"line":219},"36":{"loc":{"start":{"line":222,"column":13},"end":{"line":222,"column":53}},"type":"cond-expr","locations":[{"start":{"line":222,"column":23},"end":{"line":222,"column":38}},{"start":{"line":222,"column":41},"end":{"line":222,"column":53}}],"line":222},"37":{"loc":{"start":{"line":225,"column":9},"end":{"line":225,"column":84}},"type":"binary-expr","locations":[{"start":{"line":225,"column":9},"end":{"line":225,"column":14}},{"start":{"line":225,"column":18},"end":{"line":225,"column":84}}],"line":225}},"s":{"0":1,"1":1,"2":0,"3":1,"4":0,"5":1,"6":1,"7":1,"8":0,"9":0,"10":0,"11":0,"12":0,"13":0,"14":0,"15":0,"16":0,"17":0,"18":15,"19":15,"20":15,"21":15,"22":15,"23":15,"24":26,"25":26,"26":26,"27":24,"28":21,"29":21,"30":21,"31":4,"32":4,"33":25,"34":15,"35":13,"36":13,"37":13,"38":13,"39":15,"40":15,"41":15,"42":15,"43":15,"44":15,"45":0,"46":0,"47":0,"48":0,"49":0,"50":15,"51":15,"52":60,"53":60,"54":60,"55":60,"56":60,"57":15,"58":15,"59":15,"60":1,"61":1,"62":0,"63":1,"64":1,"65":1,"66":15,"67":105,"68":15,"69":180,"70":180,"71":180,"72":15,"73":105,"74":15,"75":180,"76":15,"77":15,"78":45,"79":45,"80":15,"81":45,"82":45,"83":45,"84":45,"85":45,"86":15,"87":15,"88":15,"89":15,"90":15,"91":15,"92":15,"93":15,"94":15,"95":60,"96":105,"97":180,"98":45},"f":{"0":0,"1":1,"2":15,"3":26,"4":13,"5":13,"6":15,"7":0,"8":60,"9":1,"10":105,"11":180,"12":105,"13":180,"14":45,"15":45,"16":60,"17":105,"18":180,"19":45},"b":{"0":[0,1],"1":[1,0],"2":[0,1],"3":[0,0],"4":[0,0],"5":[0],"6":[0],"7":[0],"8":[0,0],"9":[0,0],"10":[0,0],"11":[2,13],"12":[0,15],"13":[0,0],"14":[60,60],"15":[0,60],"16":[4,56],"17":[0,1],"18":[180,180],"19":[0,105],"20":[15,0],"21":[1,179],"22":[15,0],"23":[45,45],"24":[45,45],"25":[0,45],"26":[15,0],"27":[15,0],"28":[15,0],"29":[15,0],"30":[15,0],"31":[15,0],"32":[15,0],"33":[15,2],"34":[13,2],"35":[13,2],"36":[13,2],"37":[15,0]},"_coverageSchema":"1a1c01bbd47fc00a2c39e90264f33305004495a9","hash":"befbecc64ca4c6cb884686cf217b2cf1cd8a7f5d"}
,"C:\\Users\\Andy\\OneDrive\\Documents\\Workspace Automne 2026\\Tricolo\\Tricolo_frontend\\src\\pages\\LoginPage.jsx": {"path":"C:\\Users\\Andy\\OneDrive\\Documents\\Workspace Automne 2026\\Tricolo\\Tricolo_frontend\\src\\pages\\LoginPage.jsx","statementMap":{"0":{"start":{"line":7,"column":20},"end":{"line":7,"column":29}},"1":{"start":{"line":8,"column":19},"end":{"line":8,"column":32}},"2":{"start":{"line":9,"column":26},"end":{"line":9,"column":66}},"3":{"start":{"line":10,"column":42},"end":{"line":10,"column":57}},"4":{"start":{"line":11,"column":28},"end":{"line":11,"column":40}},"5":{"start":{"line":12,"column":36},"end":{"line":12,"column":51}},"6":{"start":{"line":14,"column":23},"end":{"line":17,"column":3}},"7":{"start":{"line":15,"column":28},"end":{"line":15,"column":40}},"8":{"start":{"line":16,"column":4},"end":{"line":16,"column":52}},"9":{"start":{"line":16,"column":23},"end":{"line":16,"column":49}},"10":{"start":{"line":19,"column":23},"end":{"line":32,"column":3}},"11":{"start":{"line":20,"column":4},"end":{"line":20,"column":27}},"12":{"start":{"line":21,"column":4},"end":{"line":21,"column":17}},"13":{"start":{"line":22,"column":4},"end":{"line":22,"column":23}},"14":{"start":{"line":24,"column":4},"end":{"line":31,"column":5}},"15":{"start":{"line":25,"column":6},"end":{"line":25,"column":24}},"16":{"start":{"line":26,"column":6},"end":{"line":26,"column":25}},"17":{"start":{"line":28,"column":6},"end":{"line":28,"column":53}},"18":{"start":{"line":30,"column":6},"end":{"line":30,"column":26}},"19":{"start":{"line":34,"column":23},"end":{"line":36,"column":3}},"20":{"start":{"line":35,"column":4},"end":{"line":35,"column":18}},"21":{"start":{"line":38,"column":2},"end":{"line":104,"column":4}},"22":{"start":{"line":79,"column":33},"end":{"line":79,"column":63}}},"fnMap":{"0":{"name":"LoginPage","decl":{"start":{"line":6,"column":24},"end":{"line":6,"column":33}},"loc":{"start":{"line":6,"column":36},"end":{"line":105,"column":1}},"line":6},"1":{"name":"(anonymous_1)","decl":{"start":{"line":14,"column":23},"end":{"line":14,"column":24}},"loc":{"start":{"line":14,"column":34},"end":{"line":17,"column":3}},"line":14},"2":{"name":"(anonymous_2)","decl":{"start":{"line":16,"column":12},"end":{"line":16,"column":13}},"loc":{"start":{"line":16,"column":23},"end":{"line":16,"column":49}},"line":16},"3":{"name":"(anonymous_3)","decl":{"start":{"line":19,"column":23},"end":{"line":19,"column":24}},"loc":{"start":{"line":19,"column":40},"end":{"line":32,"column":3}},"line":19},"4":{"name":"(anonymous_4)","decl":{"start":{"line":34,"column":23},"end":{"line":34,"column":24}},"loc":{"start":{"line":34,"column":29},"end":{"line":36,"column":3}},"line":34},"5":{"name":"(anonymous_5)","decl":{"start":{"line":79,"column":27},"end":{"line":79,"column":28}},"loc":{"start":{"line":79,"column":33},"end":{"line":79,"column":63}},"line":79}},"branchMap":{"0":{"loc":{"start":{"line":28,"column":15},"end":{"line":28,"column":51}},"type":"binary-expr","locations":[{"start":{"line":28,"column":15},"end":{"line":28,"column":26}},{"start":{"line":28,"column":30},"end":{"line":28,"column":51}}],"line":28},"1":{"loc":{"start":{"line":67,"column":24},"end":{"line":67,"column":58}},"type":"cond-expr","locations":[{"start":{"line":67,"column":39},"end":{"line":67,"column":45}},{"start":{"line":67,"column":48},"end":{"line":67,"column":58}}],"line":67},"2":{"loc":{"start":{"line":80,"column":30},"end":{"line":80,"column":67}},"type":"cond-expr","locations":[{"start":{"line":80,"column":45},"end":{"line":80,"column":54}},{"start":{"line":80,"column":57},"end":{"line":80,"column":67}}],"line":80},"3":{"loc":{"start":{"line":88,"column":13},"end":{"line":88,"column":70}},"type":"binary-expr","locations":[{"start":{"line":88,"column":13},"end":{"line":88,"column":18}},{"start":{"line":88,"column":22},"end":{"line":88,"column":70}}],"line":88},"4":{"loc":{"start":{"line":91,"column":15},"end":{"line":91,"column":67}},"type":"cond-expr","locations":[{"start":{"line":91,"column":27},"end":{"line":91,"column":50}},{"start":{"line":91,"column":53},"end":{"line":91,"column":67}}],"line":91}},"s":{"0":98,"1":98,"2":98,"3":98,"4":98,"5":98,"6":98,"7":78,"8":78,"9":78,"10":98,"11":3,"12":3,"13":3,"14":3,"15":3,"16":2,"17":1,"18":3,"19":98,"20":1,"21":98,"22":1},"f":{"0":98,"1":78,"2":78,"3":3,"4":1,"5":1},"b":{"0":[1,0],"1":[1,97],"2":[1,97],"3":[98,1],"4":[3,95]},"_coverageSchema":"1a1c01bbd47fc00a2c39e90264f33305004495a9","hash":"cd78fb2f178a68027b97936780b0335d2b0c103d"}
,"C:\\Users\\Andy\\OneDrive\\Documents\\Workspace Automne 2026\\Tricolo\\Tricolo_frontend\\src\\pages\\NotFoundPage.jsx": {"path":"C:\\Users\\Andy\\OneDrive\\Documents\\Workspace Automne 2026\\Tricolo\\Tricolo_frontend\\src\\pages\\NotFoundPage.jsx","statementMap":{"0":{"start":{"line":2,"column":2},"end":{"line":7,"column":4}}},"fnMap":{"0":{"name":"NotFoundPage","decl":{"start":{"line":1,"column":24},"end":{"line":1,"column":36}},"loc":{"start":{"line":1,"column":39},"end":{"line":8,"column":1}},"line":1}},"branchMap":{},"s":{"0":7},"f":{"0":7},"b":{},"_coverageSchema":"1a1c01bbd47fc00a2c39e90264f33305004495a9","hash":"65d43e3ba20fda8b2ddec25f96ab8c01d31bf1af"}
,"C:\\Users\\Andy\\OneDrive\\Documents\\Workspace Automne 2026\\Tricolo\\Tricolo_frontend\\src\\services\\api.js": {"path":"C:\\Users\\Andy\\OneDrive\\Documents\\Workspace Automne 2026\\Tricolo\\Tricolo_frontend\\src\\services\\api.js","statementMap":{"0":{"start":{"line":5,"column":2},"end":{"line":35,"column":3}},"1":{"start":{"line":6,"column":20},"end":{"line":9,"column":5}},"2":{"start":{"line":12,"column":18},"end":{"line":12,"column":28}},"3":{"start":{"line":13,"column":4},"end":{"line":15,"column":5}},"4":{"start":{"line":14,"column":6},"end":{"line":14,"column":51}},"5":{"start":{"line":17,"column":21},"end":{"line":20,"column":6}},"6":{"start":{"line":22,"column":4},"end":{"line":25,"column":5}},"7":{"start":{"line":23,"column":24},"end":{"line":23,"column":45}},"8":{"start":{"line":24,"column":6},"end":{"line":24,"column":68}},"9":{"start":{"line":27,"column":4},"end":{"line":29,"column":5}},"10":{"start":{"line":28,"column":6},"end":{"line":28,"column":18}},"11":{"start":{"line":31,"column":4},"end":{"line":31,"column":27}},"12":{"start":{"line":33,"column":4},"end":{"line":33,"column":43}},"13":{"start":{"line":34,"column":4},"end":{"line":34,"column":16}},"14":{"start":{"line":38,"column":19},"end":{"line":55,"column":1}},"15":{"start":{"line":39,"column":26},"end":{"line":39,"column":70}},"16":{"start":{"line":41,"column":4},"end":{"line":45,"column":6}},"17":{"start":{"line":47,"column":4},"end":{"line":51,"column":6}},"18":{"start":{"line":53,"column":23},"end":{"line":53,"column":42}},"19":{"start":{"line":54,"column":21},"end":{"line":54,"column":38}}},"fnMap":{"0":{"name":"request","decl":{"start":{"line":4,"column":15},"end":{"line":4,"column":22}},"loc":{"start":{"line":4,"column":43},"end":{"line":36,"column":1}},"line":4},"1":{"name":"(anonymous_1)","decl":{"start":{"line":39,"column":7},"end":{"line":39,"column":8}},"loc":{"start":{"line":39,"column":26},"end":{"line":39,"column":70}},"line":39},"2":{"name":"(anonymous_2)","decl":{"start":{"line":40,"column":8},"end":{"line":40,"column":9}},"loc":{"start":{"line":41,"column":4},"end":{"line":45,"column":6}},"line":41},"3":{"name":"(anonymous_3)","decl":{"start":{"line":46,"column":7},"end":{"line":46,"column":8}},"loc":{"start":{"line":47,"column":4},"end":{"line":51,"column":6}},"line":47},"4":{"name":"(anonymous_4)","decl":{"start":{"line":53,"column":17},"end":{"line":53,"column":18}},"loc":{"start":{"line":53,"column":23},"end":{"line":53,"column":42}},"line":53},"5":{"name":"(anonymous_5)","decl":{"start":{"line":54,"column":15},"end":{"line":54,"column":16}},"loc":{"start":{"line":54,"column":21},"end":{"line":54,"column":38}},"line":54}},"branchMap":{"0":{"loc":{"start":{"line":4,"column":29},"end":{"line":4,"column":41}},"type":"default-arg","locations":[{"start":{"line":4,"column":39},"end":{"line":4,"column":41}}],"line":4},"1":{"loc":{"start":{"line":8,"column":10},"end":{"line":8,"column":31}},"type":"binary-expr","locations":[{"start":{"line":8,"column":10},"end":{"line":8,"column":25}},{"start":{"line":8,"column":29},"end":{"line":8,"column":31}}],"line":8},"2":{"loc":{"start":{"line":13,"column":4},"end":{"line":15,"column":5}},"type":"if","locations":[{"start":{"line":13,"column":4},"end":{"line":15,"column":5}},{"start":{},"end":{}}],"line":13},"3":{"loc":{"start":{"line":22,"column":4},"end":{"line":25,"column":5}},"type":"if","locations":[{"start":{"line":22,"column":4},"end":{"line":25,"column":5}},{"start":{},"end":{}}],"line":22},"4":{"loc":{"start":{"line":24,"column":22},"end":{"line":24,"column":66}},"type":"binary-expr","locations":[{"start":{"line":24,"column":22},"end":{"line":24,"column":31}},{"start":{"line":24,"column":35},"end":{"line":24,"column":66}}],"line":24},"5":{"loc":{"start":{"line":27,"column":4},"end":{"line":29,"column":5}},"type":"if","locations":[{"start":{"line":27,"column":4},"end":{"line":29,"column":5}},{"start":{},"end":{}}],"line":27}},"s":{"0":7,"1":7,"2":7,"3":7,"4":0,"5":7,"6":6,"7":1,"8":1,"9":5,"10":1,"11":4,"12":2,"13":2,"14":11,"15":5,"16":1,"17":1,"18":1,"19":1},"f":{"0":7,"1":5,"2":1,"3":1,"4":1,"5":1},"b":{"0":[0],"1":[7,7],"2":[0,7],"3":[1,5],"4":[1,0],"5":[1,4]},"_coverageSchema":"1a1c01bbd47fc00a2c39e90264f33305004495a9","hash":"ca45ffc00c46f9259b86554acdb163084578aaa1"}
,"C:\\Users\\Andy\\OneDrive\\Documents\\Workspace Automne 2026\\Tricolo\\Tricolo_frontend\\src\\services\\authService.js": {"path":"C:\\Users\\Andy\\OneDrive\\Documents\\Workspace Automne 2026\\Tricolo\\Tricolo_frontend\\src\\services\\authService.js","statementMap":{"0":{"start":{"line":3,"column":18},"end":{"line":3,"column":33}},"1":{"start":{"line":6,"column":2},"end":{"line":6,"column":41}},"2":{"start":{"line":10,"column":2},"end":{"line":10,"column":41}},"3":{"start":{"line":14,"column":2},"end":{"line":14,"column":37}},"4":{"start":{"line":18,"column":40},"end":{"line":18,"column":51}},"5":{"start":{"line":21,"column":24},"end":{"line":21,"column":41}},"6":{"start":{"line":23,"column":2},"end":{"line":25,"column":3}},"7":{"start":{"line":24,"column":4},"end":{"line":24,"column":65}},"8":{"start":{"line":27,"column":2},"end":{"line":51,"column":3}},"9":{"start":{"line":28,"column":21},"end":{"line":31,"column":6}},"10":{"start":{"line":33,"column":4},"end":{"line":35,"column":5}},"11":{"start":{"line":34,"column":6},"end":{"line":34,"column":51}},"12":{"start":{"line":37,"column":4},"end":{"line":37,"column":35}},"13":{"start":{"line":40,"column":4},"end":{"line":48,"column":6}},"14":{"start":{"line":50,"column":4},"end":{"line":50,"column":60}},"15":{"start":{"line":55,"column":2},"end":{"line":55,"column":15}},"16":{"start":{"line":56,"column":2},"end":{"line":60,"column":3}},"17":{"start":{"line":57,"column":4},"end":{"line":57,"column":34}}},"fnMap":{"0":{"name":"getToken","decl":{"start":{"line":5,"column":16},"end":{"line":5,"column":24}},"loc":{"start":{"line":5,"column":27},"end":{"line":7,"column":1}},"line":5},"1":{"name":"setToken","decl":{"start":{"line":9,"column":16},"end":{"line":9,"column":24}},"loc":{"start":{"line":9,"column":32},"end":{"line":11,"column":1}},"line":9},"2":{"name":"clearToken","decl":{"start":{"line":13,"column":16},"end":{"line":13,"column":26}},"loc":{"start":{"line":13,"column":29},"end":{"line":15,"column":1}},"line":13},"3":{"name":"login","decl":{"start":{"line":17,"column":22},"end":{"line":17,"column":27}},"loc":{"start":{"line":17,"column":41},"end":{"line":52,"column":1}},"line":17},"4":{"name":"logout","decl":{"start":{"line":54,"column":22},"end":{"line":54,"column":28}},"loc":{"start":{"line":54,"column":31},"end":{"line":61,"column":1}},"line":54}},"branchMap":{"0":{"loc":{"start":{"line":21,"column":24},"end":{"line":21,"column":41}},"type":"binary-expr","locations":[{"start":{"line":21,"column":24},"end":{"line":21,"column":32}},{"start":{"line":21,"column":36},"end":{"line":21,"column":41}}],"line":21},"1":{"loc":{"start":{"line":23,"column":2},"end":{"line":25,"column":3}},"type":"if","locations":[{"start":{"line":23,"column":2},"end":{"line":25,"column":3}},{"start":{},"end":{}}],"line":23},"2":{"loc":{"start":{"line":23,"column":6},"end":{"line":23,"column":33}},"type":"binary-expr","locations":[{"start":{"line":23,"column":6},"end":{"line":23,"column":20}},{"start":{"line":23,"column":24},"end":{"line":23,"column":33}}],"line":23},"3":{"loc":{"start":{"line":33,"column":4},"end":{"line":35,"column":5}},"type":"if","locations":[{"start":{"line":33,"column":4},"end":{"line":35,"column":5}},{"start":{},"end":{}}],"line":33},"4":{"loc":{"start":{"line":50,"column":20},"end":{"line":50,"column":58}},"type":"binary-expr","locations":[{"start":{"line":50,"column":20},"end":{"line":50,"column":33}},{"start":{"line":50,"column":37},"end":{"line":50,"column":58}}],"line":50}},"s":{"0":12,"1":20,"2":15,"3":7,"4":11,"5":11,"6":11,"7":3,"8":8,"9":8,"10":8,"11":1,"12":7,"13":7,"14":1,"15":5,"16":5,"17":5},"f":{"0":20,"1":15,"2":7,"3":11,"4":5},"b":{"0":[11,3],"1":[3,8],"2":[11,9],"3":[1,7],"4":[1,0]},"_coverageSchema":"1a1c01bbd47fc00a2c39e90264f33305004495a9","hash":"9ae5d471886e08d7e45113f76592e536a04b8606"}
,"C:\\Users\\Andy\\OneDrive\\Documents\\Workspace Automne 2026\\Tricolo\\Tricolo_frontend\\src\\utils\\constants.js": {"path":"C:\\Users\\Andy\\OneDrive\\Documents\\Workspace Automne 2026\\Tricolo\\Tricolo_frontend\\src\\utils\\constants.js","statementMap":{"0":{"start":{"line":5,"column":0},"end":{"line":12,"column":1}},"1":{"start":{"line":7,"column":2},"end":{"line":9,"column":3}},"2":{"start":{"line":8,"column":4},"end":{"line":8,"column":56}},"3":{"start":{"line":15,"column":0},"end":{"line":17,"column":1}},"4":{"start":{"line":16,"column":2},"end":{"line":16,"column":93}}},"fnMap":{},"branchMap":{"0":{"loc":{"start":{"line":7,"column":2},"end":{"line":9,"column":3}},"type":"if","locations":[{"start":{"line":7,"column":2},"end":{"line":9,"column":3}},{"start":{},"end":{}}],"line":7},"1":{"loc":{"start":{"line":7,"column":6},"end":{"line":7,"column":79}},"type":"binary-expr","locations":[{"start":{"line":7,"column":6},"end":{"line":7,"column":39}},{"start":{"line":7,"column":43},"end":{"line":7,"column":79}}],"line":7},"2":{"loc":{"start":{"line":15,"column":0},"end":{"line":17,"column":1}},"type":"if","locations":[{"start":{"line":15,"column":0},"end":{"line":17,"column":1}},{"start":{},"end":{}}],"line":15},"3":{"loc":{"start":{"line":16,"column":17},"end":{"line":16,"column":92}},"type":"binary-expr","locations":[{"start":{"line":16,"column":17},"end":{"line":16,"column":46}},{"start":{"line":16,"column":50},"end":{"line":16,"column":92}}],"line":16}},"s":{"0":11,"1":11,"2":0,"3":11,"4":11},"f":{},"b":{"0":[0,11],"1":[11,11],"2":[11,0],"3":[11,11]},"_coverageSchema":"1a1c01bbd47fc00a2c39e90264f33305004495a9","hash":"5d7a9197ef1e65f04e8020af46d629e311bd4bbb"}
}
