TN:
SF:src\App.jsx
FN:11,App
FNF:1
FNH:1
FNDA:20,App
DA:12,20
LF:1
LH:1
BRF:0
BRH:0
end_of_record
TN:
SF:src\components\layout\Header.jsx
FN:4,Header
FNF:1
FNH:1
FNDA:8,Header
DA:5,8
DA:6,8
DA:7,8
DA:9,8
LF:4
LH:4
BRDA:7,0,0,8
BRDA:7,0,1,2
BRDA:20,1,0,8
BRDA:20,1,1,0
BRF:4
BRH:3
end_of_record
TN:
SF:src\components\layout\ProtectedRoute.jsx
FN:4,ProtectedRoute
FNF:1
FNH:0
FNDA:0,ProtectedRoute
DA:5,0
DA:7,0
DA:8,0
DA:11,0
LF:4
LH:0
BRDA:7,0,0,0
BRDA:7,0,1,0
BRF:2
BRH:0
end_of_record
TN:
SF:src\context\AuthContext.jsx
FN:6,AuthProvider
FN:7,(anonymous_1)
FN:16,(anonymous_2)
FN:24,(anonymous_3)
FN:31,(anonymous_4)
FNF:5
FNH:5
FNDA:9,AuthProvider
FNDA:7,(anonymous_1)
FNDA:2,(anonymous_2)
FNDA:1,(anonymous_3)
FNDA:8,(anonymous_4)
DA:4,4
DA:7,9
DA:8,7
DA:10,7
DA:11,7
DA:14,9
DA:16,9
DA:17,2
DA:18,2
DA:20,2
DA:21,2
DA:24,9
DA:25,1
DA:26,1
DA:27,1
DA:30,9
DA:31,8
DA:35,9
LF:18
LH:18
BRDA:11,0,0,1
BRDA:11,0,1,6
BRDA:11,1,0,7
BRDA:11,1,1,2
BRF:4
BRH:4
end_of_record
TN:
SF:src\hooks\useAuth.js
FN:4,useAuth
FNF:1
FNH:1
FNDA:8,useAuth
DA:5,8
DA:6,8
DA:7,2
DA:9,6
LF:4
LH:4
BRDA:6,0,0,2
BRDA:6,0,1,6
BRF:2
BRH:2
end_of_record
TN:
SF:src\hooks\useAutoFetch.js
FN:9,useAutoFetch
FN:10,(anonymous_1)
FN:20,(anonymous_2)
FNF:3
FNH:3
FNDA:7,useAutoFetch
FNDA:7,(anonymous_1)
FNDA:6,(anonymous_2)
DA:10,7
DA:11,7
DA:14,6
DA:17,6
DA:20,6
LF:5
LH:5
BRDA:9,0,0,0
BRDA:9,1,0,4
BRDA:11,2,0,1
BRDA:11,2,1,6
BRF:4
BRH:3
end_of_record
TN:
SF:src\pages\AdminPage.jsx
FN:11,AdminLoginForm
FN:18,(anonymous_1)
FN:20,(anonymous_2)
FN:23,(anonymous_3)
FN:77,(anonymous_4)
FN:98,AdminBinsList
FN:107,(anonymous_6)
FN:136,AdminPage
FNF:8
FNH:0
FNDA:0,AdminLoginForm
FNDA:0,(anonymous_1)
FNDA:0,(anonymous_2)
FNDA:0,(anonymous_3)
FNDA:0,(anonymous_4)
FNDA:0,AdminBinsList
FNDA:0,(anonymous_6)
FNDA:0,AdminPage
DA:5,0
DA:12,0
DA:13,0
DA:14,0
DA:15,0
DA:16,0
DA:18,0
DA:19,0
DA:20,0
DA:23,0
DA:24,0
DA:25,0
DA:26,0
DA:28,0
DA:29,0
DA:31,0
DA:33,0
DA:37,0
DA:77,0
DA:99,0
DA:108,0
DA:137,0
DA:139,0
LF:23
LH:0
BRDA:31,0,0,0
BRDA:31,0,1,0
BRDA:65,1,0,0
BRDA:65,1,1,0
BRDA:85,2,0,0
BRDA:85,2,1,0
BRDA:88,3,0,0
BRDA:88,3,1,0
BRDA:139,4,0,0
BRDA:139,4,1,0
BRF:10
BRH:0
end_of_record
TN:
SF:src\pages\DashboardPage.jsx
FN:14,normalizeCategory
FN:18,parseDechetDate
FN:45,DashboardPage
FN:53,(anonymous_3)
FN:70,(anonymous_4)
FN:78,(anonymous_5)
FN:81,(anonymous_6)
FN:92,(anonymous_7)
FN:100,(anonymous_8)
FN:122,(anonymous_9)
FN:130,(anonymous_10)
FN:135,(anonymous_11)
FN:142,(anonymous_12)
FN:147,(anonymous_13)
FN:152,(anonymous_14)
FN:158,(anonymous_15)
FN:238,(anonymous_16)
FN:276,(anonymous_17)
FN:297,(anonymous_18)
FN:314,(anonymous_19)
FNF:20
FNH:0
FNDA:0,normalizeCategory
FNDA:0,parseDechetDate
FNDA:0,DashboardPage
FNDA:0,(anonymous_3)
FNDA:0,(anonymous_4)
FNDA:0,(anonymous_5)
FNDA:0,(anonymous_6)
FNDA:0,(anonymous_7)
FNDA:0,(anonymous_8)
FNDA:0,(anonymous_9)
FNDA:0,(anonymous_10)
FNDA:0,(anonymous_11)
FNDA:0,(anonymous_12)
FNDA:0,(anonymous_13)
FNDA:0,(anonymous_14)
FNDA:0,(anonymous_15)
FNDA:0,(anonymous_16)
FNDA:0,(anonymous_17)
FNDA:0,(anonymous_18)
FNDA:0,(anonymous_19)
DA:5,0
DA:12,0
DA:15,0
DA:19,0
DA:20,0
DA:21,0
DA:22,0
DA:25,0
DA:26,0
DA:27,0
DA:28,0
DA:29,0
DA:30,0
DA:38,0
DA:41,0
DA:42,0
DA:46,0
DA:47,0
DA:48,0
DA:49,0
DA:50,0
DA:53,0
DA:54,0
DA:55,0
DA:56,0
DA:57,0
DA:58,0
DA:59,0
DA:60,0
DA:62,0
DA:63,0
DA:65,0
DA:70,0
DA:72,0
DA:75,0
DA:78,0
DA:81,0
DA:82,0
DA:83,0
DA:85,0
DA:86,0
DA:92,0
DA:93,0
DA:94,0
DA:95,0
DA:96,0
DA:99,0
DA:100,0
DA:101,0
DA:102,0
DA:103,0
DA:104,0
DA:110,0
DA:119,0
DA:120,0
DA:122,0
DA:123,0
DA:124,0
DA:125,0
DA:126,0
DA:127,0
DA:130,0
DA:135,0
DA:136,0
DA:137,0
DA:138,0
DA:141,0
DA:142,0
DA:146,0
DA:147,0
DA:151,0
DA:152,0
DA:153,0
DA:154,0
DA:157,0
DA:159,0
DA:160,0
DA:161,0
DA:162,0
DA:164,0
DA:173,0
DA:184,0
DA:189,0
DA:190,0
DA:191,0
DA:192,0
DA:193,0
DA:194,0
DA:196,0
DA:239,0
DA:277,0
DA:298,0
DA:315,0
LF:93
LH:0
BRDA:19,0,0,0
BRDA:19,0,1,0
BRDA:20,1,0,0
BRDA:20,1,1,0
BRDA:22,2,0,0
BRDA:22,2,1,0
BRDA:26,3,0,0
BRDA:26,3,1,0
BRDA:28,4,0,0
BRDA:28,4,1,0
BRDA:29,5,0,0
BRDA:29,6,0,0
BRDA:29,7,0,0
BRDA:29,8,0,0
BRDA:29,8,1,0
BRDA:38,9,0,0
BRDA:38,9,1,0
BRDA:42,10,0,0
BRDA:42,10,1,0
BRDA:82,11,0,0
BRDA:82,11,1,0
BRDA:83,12,0,0
BRDA:83,12,1,0
BRDA:94,13,0,0
BRDA:94,13,1,0
BRDA:103,14,0,0
BRDA:103,14,1,0
BRDA:104,15,0,0
BRDA:104,15,1,0
BRDA:106,16,0,0
BRDA:106,16,1,0
BRDA:124,17,0,0
BRDA:124,17,1,0
BRDA:137,18,0,0
BRDA:137,18,1,0
BRDA:142,19,0,0
BRDA:142,19,1,0
BRDA:143,20,0,0
BRDA:143,20,1,0
BRDA:147,21,0,0
BRDA:147,21,1,0
BRDA:148,22,0,0
BRDA:148,22,1,0
BRDA:154,23,0,0
BRDA:154,23,1,0
BRDA:161,24,0,0
BRDA:161,24,1,0
BRDA:162,25,0,0
BRDA:162,25,1,0
BRDA:184,26,0,0
BRDA:184,26,1,0
BRDA:189,27,0,0
BRDA:189,27,1,0
BRDA:190,28,0,0
BRDA:190,28,1,0
BRDA:191,29,0,0
BRDA:191,29,1,0
BRDA:192,30,0,0
BRDA:192,30,1,0
BRDA:193,31,0,0
BRDA:193,31,1,0
BRDA:194,32,0,0
BRDA:194,32,1,0
BRDA:203,33,0,0
BRDA:203,33,1,0
BRDA:218,34,0,0
BRDA:218,34,1,0
BRDA:219,35,0,0
BRDA:219,35,1,0
BRDA:222,36,0,0
BRDA:222,36,1,0
BRDA:225,37,0,0
BRDA:225,37,1,0
BRF:73
BRH:0
end_of_record
TN:
SF:src\pages\LoginPage.jsx
FN:6,LoginPage
FN:14,(anonymous_1)
FN:16,(anonymous_2)
FN:19,(anonymous_3)
FN:34,(anonymous_4)
FN:79,(anonymous_5)
FNF:6
FNH:0
FNDA:0,LoginPage
FNDA:0,(anonymous_1)
FNDA:0,(anonymous_2)
FNDA:0,(anonymous_3)
FNDA:0,(anonymous_4)
FNDA:0,(anonymous_5)
DA:7,0
DA:8,0
DA:9,0
DA:10,0
DA:11,0
DA:12,0
DA:14,0
DA:15,0
DA:16,0
DA:19,0
DA:20,0
DA:21,0
DA:22,0
DA:24,0
DA:25,0
DA:26,0
DA:28,0
DA:30,0
DA:34,0
DA:35,0
DA:38,0
DA:79,0
LF:22
LH:0
BRDA:28,0,0,0
BRDA:28,0,1,0
BRDA:67,1,0,0
BRDA:67,1,1,0
BRDA:80,2,0,0
BRDA:80,2,1,0
BRDA:88,3,0,0
BRDA:88,3,1,0
BRDA:91,4,0,0
BRDA:91,4,1,0
BRF:10
BRH:0
end_of_record
TN:
SF:src\pages\NotFoundPage.jsx
FN:1,NotFoundPage
FNF:1
FNH:0
FNDA:0,NotFoundPage
DA:2,0
LF:1
LH:0
BRF:0
BRH:0
end_of_record
TN:
SF:src\services\api.js
FN:4,request
FN:39,(anonymous_1)
FN:40,(anonymous_2)
FN:46,(anonymous_3)
FN:53,(anonymous_4)
FN:54,(anonymous_5)
FNF:6
FNH:6
FNDA:7,request
FNDA:5,(anonymous_1)
FNDA:1,(anonymous_2)
FNDA:1,(anonymous_3)
FNDA:1,(anonymous_4)
FNDA:1,(anonymous_5)
DA:5,7
DA:6,7
DA:12,7
DA:13,7
DA:14,0
DA:17,7
DA:22,6
DA:23,1
DA:24,1
DA:27,5
DA:28,1
DA:31,4
DA:33,2
DA:34,2
DA:38,7
DA:39,5
DA:41,1
DA:47,1
DA:53,1
DA:54,1
LF:20
LH:19
BRDA:4,0,0,0
BRDA:8,1,0,7
BRDA:8,1,1,7
BRDA:13,2,0,0
BRDA:13,2,1,7
BRDA:22,3,0,1
BRDA:22,3,1,5
BRDA:24,4,0,1
BRDA:24,4,1,0
BRDA:27,5,0,1
BRDA:27,5,1,4
BRF:11
BRH:8
end_of_record
TN:
SF:src\services\authService.js
FN:5,getToken
FN:9,setToken
FN:13,clearToken
FN:17,login
FN:54,logout
FNF:5
FNH:5
FNDA:20,getToken
FNDA:15,setToken
FNDA:7,clearToken
FNDA:11,login
FNDA:5,logout
DA:3,8
DA:6,20
DA:10,15
DA:14,7
DA:18,11
DA:21,11
DA:23,11
DA:24,3
DA:27,8
DA:28,8
DA:33,8
DA:34,1
DA:37,7
DA:40,7
DA:50,1
DA:55,5
DA:56,5
DA:57,5
LF:18
LH:18
BRDA:21,0,0,11
BRDA:21,0,1,3
BRDA:23,1,0,3
BRDA:23,1,1,8
BRDA:23,2,0,11
BRDA:23,2,1,9
BRDA:33,3,0,1
BRDA:33,3,1,7
BRDA:50,4,0,1
BRDA:50,4,1,0
BRF:10
BRH:9
end_of_record
TN:
SF:src\utils\constants.js
FNF:0
FNH:0
DA:5,7
DA:7,7
DA:8,0
DA:15,7
DA:16,7
LF:5
LH:4
BRDA:7,0,0,0
BRDA:7,0,1,7
BRDA:7,1,0,7
BRDA:7,1,1,7
BRDA:15,2,0,7
BRDA:15,2,1,0
BRDA:16,3,0,7
BRDA:16,3,1,7
BRF:8
BRH:6
end_of_record
