TN:
SF:src\App.jsx
FN:10,App
FNF:1
FNH:1
FNDA:20,App
DA:11,20
LF:1
LH:1
BRF:0
BRH:0
end_of_record
TN:
SF:src\components\layout\Header.jsx
FN:4,Header
FNF:1
FNH:1
FNDA:8,Header
DA:5,8
DA:6,8
DA:7,8
DA:9,8
LF:4
LH:4
BRDA:7,0,0,8
BRDA:7,0,1,2
BRDA:20,1,0,8
BRDA:20,1,1,0
BRF:4
BRH:3
end_of_record
TN:
SF:src\components\layout\ProtectedRoute.jsx
FN:4,ProtectedRoute
FNF:1
FNH:0
FNDA:0,ProtectedRoute
DA:5,0
DA:7,0
DA:8,0
DA:11,0
LF:4
LH:0
BRDA:7,0,0,0
BRDA:7,0,1,0
BRF:2
BRH:0
end_of_record
TN:
SF:src\context\AuthContext.jsx
FN:6,AuthProvider
FN:7,(anonymous_1)
FN:14,(anonymous_2)
FN:20,(anonymous_3)
FN:26,(anonymous_4)
FNF:5
FNH:5
FNDA:10,AuthProvider
FNDA:7,(anonymous_1)
FNDA:2,(anonymous_2)
FNDA:1,(anonymous_3)
FNDA:9,(anonymous_4)
DA:4,4
DA:7,10
DA:8,7
DA:9,7
DA:12,10
DA:14,10
DA:15,2
DA:16,2
DA:17,2
DA:20,10
DA:21,1
DA:22,1
DA:25,10
DA:26,9
DA:30,10
LF:15
LH:15
BRDA:9,0,0,2
BRDA:9,0,1,5
BRF:2
BRH:2
end_of_record
TN:
SF:src\hooks\useAuth.js
FN:4,useAuth
FNF:1
FNH:1
FNDA:8,useAuth
DA:5,8
DA:6,8
DA:7,2
DA:9,6
LF:4
LH:4
BRDA:6,0,0,2
BRDA:6,0,1,6
BRF:2
BRH:2
end_of_record
TN:
SF:src\pages\AdminPage.jsx
FN:11,AdminLoginForm
FN:17,(anonymous_1)
FN:19,(anonymous_2)
FN:22,(anonymous_3)
FN:71,(anonymous_4)
FN:89,AdminBinsList
FN:98,(anonymous_6)
FN:127,AdminPage
FNF:8
FNH:0
FNDA:0,AdminLoginForm
FNDA:0,(anonymous_1)
FNDA:0,(anonymous_2)
FNDA:0,(anonymous_3)
FNDA:0,(anonymous_4)
FNDA:0,AdminBinsList
FNDA:0,(anonymous_6)
FNDA:0,AdminPage
DA:5,0
DA:12,0
DA:13,0
DA:14,0
DA:15,0
DA:17,0
DA:18,0
DA:19,0
DA:22,0
DA:23,0
DA:24,0
DA:26,0
DA:27,0
DA:29,0
DA:33,0
DA:71,0
DA:90,0
DA:99,0
DA:128,0
DA:130,0
LF:20
LH:0
BRDA:29,0,0,0
BRDA:29,0,1,0
BRDA:60,1,0,0
BRDA:60,1,1,0
BRDA:78,2,0,0
BRDA:78,2,1,0
BRDA:130,3,0,0
BRDA:130,3,1,0
BRF:8
BRH:0
end_of_record
TN:
SF:src\pages\DashboardPage.jsx
FN:14,normalizeCategory
FN:18,parseDechetDate
FN:45,DashboardPage
FN:51,(anonymous_3)
FN:52,(anonymous_4)
FN:70,(anonymous_5)
FN:81,(anonymous_6)
FN:89,(anonymous_7)
FN:111,(anonymous_8)
FN:119,(anonymous_9)
FN:124,(anonymous_10)
FN:131,(anonymous_11)
FN:136,(anonymous_12)
FN:141,(anonymous_13)
FN:147,(anonymous_14)
FN:204,(anonymous_15)
FN:242,(anonymous_16)
FN:263,(anonymous_17)
FN:280,(anonymous_18)
FNF:19
FNH:0
FNDA:0,normalizeCategory
FNDA:0,parseDechetDate
FNDA:0,DashboardPage
FNDA:0,(anonymous_3)
FNDA:0,(anonymous_4)
FNDA:0,(anonymous_5)
FNDA:0,(anonymous_6)
FNDA:0,(anonymous_7)
FNDA:0,(anonymous_8)
FNDA:0,(anonymous_9)
FNDA:0,(anonymous_10)
FNDA:0,(anonymous_11)
FNDA:0,(anonymous_12)
FNDA:0,(anonymous_13)
FNDA:0,(anonymous_14)
FNDA:0,(anonymous_15)
FNDA:0,(anonymous_16)
FNDA:0,(anonymous_17)
FNDA:0,(anonymous_18)
DA:5,0
DA:12,0
DA:15,0
DA:19,0
DA:20,0
DA:21,0
DA:22,0
DA:25,0
DA:26,0
DA:27,0
DA:28,0
DA:29,0
DA:30,0
DA:38,0
DA:41,0
DA:42,0
DA:46,0
DA:47,0
DA:48,0
DA:49,0
DA:51,0
DA:52,0
DA:53,0
DA:54,0
DA:55,0
DA:56,0
DA:57,0
DA:58,0
DA:60,0
DA:61,0
DA:63,0
DA:67,0
DA:70,0
DA:71,0
DA:72,0
DA:74,0
DA:75,0
DA:81,0
DA:82,0
DA:83,0
DA:84,0
DA:85,0
DA:88,0
DA:89,0
DA:90,0
DA:91,0
DA:92,0
DA:93,0
DA:99,0
DA:108,0
DA:109,0
DA:111,0
DA:112,0
DA:113,0
DA:114,0
DA:115,0
DA:116,0
DA:119,0
DA:124,0
DA:125,0
DA:126,0
DA:127,0
DA:130,0
DA:131,0
DA:135,0
DA:136,0
DA:140,0
DA:141,0
DA:142,0
DA:143,0
DA:146,0
DA:148,0
DA:149,0
DA:150,0
DA:151,0
DA:153,0
DA:162,0
DA:173,0
DA:178,0
DA:179,0
DA:180,0
DA:181,0
DA:182,0
DA:183,0
DA:185,0
DA:205,0
DA:243,0
DA:264,0
DA:281,0
LF:89
LH:0
BRDA:19,0,0,0
BRDA:19,0,1,0
BRDA:20,1,0,0
BRDA:20,1,1,0
BRDA:22,2,0,0
BRDA:22,2,1,0
BRDA:26,3,0,0
BRDA:26,3,1,0
BRDA:28,4,0,0
BRDA:28,4,1,0
BRDA:29,5,0,0
BRDA:29,6,0,0
BRDA:29,7,0,0
BRDA:29,8,0,0
BRDA:29,8,1,0
BRDA:38,9,0,0
BRDA:38,9,1,0
BRDA:42,10,0,0
BRDA:42,10,1,0
BRDA:71,11,0,0
BRDA:71,11,1,0
BRDA:72,12,0,0
BRDA:72,12,1,0
BRDA:83,13,0,0
BRDA:83,13,1,0
BRDA:92,14,0,0
BRDA:92,14,1,0
BRDA:93,15,0,0
BRDA:93,15,1,0
BRDA:95,16,0,0
BRDA:95,16,1,0
BRDA:113,17,0,0
BRDA:113,17,1,0
BRDA:126,18,0,0
BRDA:126,18,1,0
BRDA:131,19,0,0
BRDA:131,19,1,0
BRDA:132,20,0,0
BRDA:132,20,1,0
BRDA:136,21,0,0
BRDA:136,21,1,0
BRDA:137,22,0,0
BRDA:137,22,1,0
BRDA:143,23,0,0
BRDA:143,23,1,0
BRDA:150,24,0,0
BRDA:150,24,1,0
BRDA:151,25,0,0
BRDA:151,25,1,0
BRDA:173,26,0,0
BRDA:173,26,1,0
BRDA:178,27,0,0
BRDA:178,27,1,0
BRDA:179,28,0,0
BRDA:179,28,1,0
BRDA:180,29,0,0
BRDA:180,29,1,0
BRDA:181,30,0,0
BRDA:181,30,1,0
BRDA:182,31,0,0
BRDA:182,31,1,0
BRDA:183,32,0,0
BRDA:183,32,1,0
BRDA:190,33,0,0
BRDA:190,33,1,0
BRDA:191,34,0,0
BRDA:191,34,1,0
BRF:67
BRH:0
end_of_record
TN:
SF:src\pages\LoginPage.jsx
FN:6,LoginPage
FN:13,(anonymous_1)
FN:15,(anonymous_2)
FN:18,(anonymous_3)
FN:30,(anonymous_4)
FN:73,(anonymous_5)
FNF:6
FNH:0
FNDA:0,LoginPage
FNDA:0,(anonymous_1)
FNDA:0,(anonymous_2)
FNDA:0,(anonymous_3)
FNDA:0,(anonymous_4)
FNDA:0,(anonymous_5)
DA:7,0
DA:8,0
DA:9,0
DA:10,0
DA:11,0
DA:13,0
DA:14,0
DA:15,0
DA:18,0
DA:19,0
DA:20,0
DA:22,0
DA:23,0
DA:24,0
DA:26,0
DA:30,0
DA:31,0
DA:34,0
DA:73,0
LF:19
LH:0
BRDA:26,0,0,0
BRDA:26,0,1,0
BRDA:62,1,0,0
BRDA:62,1,1,0
BRDA:74,2,0,0
BRDA:74,2,1,0
BRDA:81,3,0,0
BRDA:81,3,1,0
BRF:8
BRH:0
end_of_record
TN:
SF:src\pages\NotFoundPage.jsx
FN:1,NotFoundPage
FNF:1
FNH:0
FNDA:0,NotFoundPage
DA:2,0
LF:1
LH:0
BRF:0
BRH:0
end_of_record
TN:
SF:src\services\api.js
FN:3,request
FN:30,(anonymous_1)
FN:31,(anonymous_2)
FN:37,(anonymous_3)
FN:44,(anonymous_4)
FN:45,(anonymous_5)
FNF:6
FNH:6
FNDA:7,request
FNDA:5,(anonymous_1)
FNDA:1,(anonymous_2)
FNDA:1,(anonymous_3)
FNDA:1,(anonymous_4)
FNDA:1,(anonymous_5)
DA:4,7
DA:5,7
DA:13,6
DA:14,1
DA:15,1
DA:18,5
DA:19,1
DA:22,4
DA:24,2
DA:25,2
DA:29,7
DA:30,5
DA:32,1
DA:38,1
DA:44,1
DA:45,1
LF:16
LH:16
BRDA:3,0,0,0
BRDA:8,1,0,7
BRDA:8,1,1,7
BRDA:13,2,0,1
BRDA:13,2,1,5
BRDA:15,3,0,1
BRDA:15,3,1,0
BRDA:18,4,0,1
BRDA:18,4,1,4
BRF:9
BRH:7
end_of_record
TN:
SF:src\services\authService.js
FN:5,getToken
FN:9,setToken
FN:13,clearToken
FN:17,login
FN:31,logout
FNF:5
FNH:5
FNDA:14,getToken
FNDA:15,setToken
FNDA:7,clearToken
FNDA:10,login
FNDA:5,logout
DA:3,6
DA:6,14
DA:10,15
DA:14,7
DA:20,10
DA:22,10
DA:23,3
DA:26,7
DA:27,7
DA:28,7
DA:33,5
DA:34,5
DA:35,5
LF:13
LH:13
BRDA:22,0,0,3
BRDA:22,0,1,7
BRDA:22,1,0,10
BRDA:22,1,1,8
BRF:4
BRH:4
end_of_record
TN:
SF:src\utils\constants.js
FNF:0
FNH:0
DA:5,7
DA:7,7
DA:8,0
DA:15,7
DA:16,7
LF:5
LH:4
BRDA:7,0,0,0
BRDA:7,0,1,7
BRDA:7,1,0,7
BRDA:7,1,1,7
BRDA:15,2,0,7
BRDA:15,2,1,0
BRDA:16,3,0,7
BRDA:16,3,1,7
BRF:8
BRH:6
end_of_record
